# JRE version: OpenJDK Runtime Environment (8.0_152-b01) (build 1.8.0_152-release-1248-b01)
# Java VM: OpenJDK 64-Bit Server VM (25.152-b01 mixed mode linux-amd64 compressed oops)
Heap:
 PSYoungGen      total 489472K, used 44210K [0x00000000e0000000, 0x00000000ffc80000, 0x0000000100000000)
  eden space 458240K, 7% used [0x00000000e0000000,0x00000000e23af848,0x00000000fbf80000)
  from space 31232K, 24% used [0x00000000fde00000,0x00000000fe57d3a8,0x00000000ffc80000)
  to   space 31232K, 0% used [0x00000000fbf80000,0x00000000fbf80000,0x00000000fde00000)
 ParOldGen       total 104448K, used 52865K [0x00000000a0000000, 0x00000000a6600000, 0x00000000e0000000)
  object space 104448K, 50% used [0x00000000a0000000,0x00000000a33a0488,0x00000000a6600000)
 Metaspace       used 87004K, capacity 90748K, committed 90928K, reserved 1128448K
  class space    used 11056K, capacity 11763K, committed 11824K, reserved 1048576K
GC Heap History (10 events):
Event: 863.553 GC heap before
{Heap before GC invocations=20 (full 4):
 PSYoungGen      total 399360K, used 13956K [0x00000000e0000000, 0x00000000fae80000, 0x0000000100000000)
  eden space 381440K, 0% used [0x00000000e0000000,0x00000000e0000000,0x00000000f7480000)
  from space 17920K, 77% used [0x00000000f9d00000,0x00000000faaa13e0,0x00000000fae80000)
  to   space 29696K, 0% used [0x00000000f7480000,0x00000000f7480000,0x00000000f9180000)
 ParOldGen       total 72192K, used 64582K [0x00000000a0000000, 0x00000000a4680000, 0x00000000e0000000)
  object space 72192K, 89% used [0x00000000a0000000,0x00000000a3f11840,0x00000000a4680000)
 Metaspace       used 85339K, capacity 88610K, committed 88752K, reserved 1126400K
  class space    used 11011K, capacity 11676K, committed 11696K, reserved 1048576K
Event: 865.046 GC heap after
Heap after GC invocations=20 (full 4):
 PSYoungGen      total 399360K, used 0K [0x00000000e0000000, 0x00000000fae80000, 0x0000000100000000)
  eden space 381440K, 0% used [0x00000000e0000000,0x00000000e0000000,0x00000000f7480000)
  from space 17920K, 0% used [0x00000000f9d00000,0x00000000f9d00000,0x00000000fae80000)
  to   space 29696K, 0% used [0x00000000f7480000,0x00000000f7480000,0x00000000f9180000)
 ParOldGen       total 104448K, used 52833K [0x00000000a0000000, 0x00000000a6600000, 0x00000000e0000000)
  object space 104448K, 50% used [0x00000000a0000000,0x00000000a3398488,0x00000000a6600000)
 Metaspace       used 85179K, capacity 88174K, committed 88752K, reserved 1126400K
  class space    used 10955K, capacity 11580K, committed 11696K, reserved 1048576K
}
Event: 873.374 GC heap before
{Heap before GC invocations=21 (full 4):
 PSYoungGen      total 399360K, used 381440K [0x00000000e0000000, 0x00000000fae80000, 0x0000000100000000)
  eden space 381440K, 100% used [0x00000000e0000000,0x00000000f7480000,0x00000000f7480000)
  from space 17920K, 0% used [0x00000000f9d00000,0x00000000f9d00000,0x00000000fae80000)
  to   space 29696K, 0% used [0x00000000f7480000,0x00000000f7480000,0x00000000f9180000)
 ParOldGen       total 104448K, used 52833K [0x00000000a0000000, 0x00000000a6600000, 0x00000000e0000000)
  object space 104448K, 50% used [0x00000000a0000000,0x00000000a3398488,0x00000000a6600000)
 Metaspace       used 85613K, capacity 88632K, committed 89264K, reserved 1126400K
  class space    used 10960K, capacity 11589K, committed 11696K, reserved 1048576K
Event: 873.426 GC heap after
Heap after GC invocations=21 (full 4):
 PSYoungGen      total 411136K, used 2509K [0x00000000e0000000, 0x00000000fdc80000, 0x0000000100000000)
  eden space 381440K, 0% used [0x00000000e0000000,0x00000000e0000000,0x00000000f7480000)
  from space 29696K, 8% used [0x00000000f7480000,0x00000000f76f36b8,0x00000000f9180000)
  to   space 29696K, 0% used [0x00000000fbf80000,0x00000000fbf80000,0x00000000fdc80000)
 ParOldGen       total 104448K, used 52841K [0x00000000a0000000, 0x00000000a6600000, 0x00000000e0000000)
  object space 104448K, 50% used [0x00000000a0000000,0x00000000a339a488,0x00000000a6600000)
 Metaspace       used 85613K, capacity 88632K, committed 89264K, reserved 1126400K
  class space    used 10960K, capacity 11589K, committed 11696K, reserved 1048576K
}
Event: 1234.776 GC heap before
{Heap before GC invocations=22 (full 4):
 PSYoungGen      total 411136K, used 382566K [0x00000000e0000000, 0x00000000fdc80000, 0x0000000100000000)
  eden space 381440K, 99% used [0x00000000e0000000,0x00000000f7326410,0x00000000f7480000)
  from space 29696K, 8% used [0x00000000f7480000,0x00000000f76f36b8,0x00000000f9180000)
  to   space 29696K, 0% used [0x00000000fbf80000,0x00000000fbf80000,0x00000000fdc80000)
 ParOldGen       total 104448K, used 52841K [0x00000000a0000000, 0x00000000a6600000, 0x00000000e0000000)
  object space 104448K, 50% used [0x00000000a0000000,0x00000000a339a488,0x00000000a6600000)
 Metaspace       used 86515K, capacity 89814K, committed 90032K, reserved 1128448K
  class space    used 10989K, capacity 11640K, committed 11696K, reserved 1048576K
Event: 1235.353 GC heap after
Heap after GC invocations=22 (full 4):
 PSYoungGen      total 450048K, used 25628K [0x00000000e0000000, 0x00000000fdc00000, 0x0000000100000000)
  eden space 420864K, 0% used [0x00000000e0000000,0x00000000e0000000,0x00000000f9b00000)
  from space 29184K, 87% used [0x00000000fbf80000,0x00000000fd887330,0x00000000fdc00000)
  to   space 33280K, 0% used [0x00000000f9b00000,0x00000000f9b00000,0x00000000fbb80000)
 ParOldGen       total 104448K, used 52849K [0x00000000a0000000, 0x00000000a6600000, 0x00000000e0000000)
  object space 104448K, 50% used [0x00000000a0000000,0x00000000a339c488,0x00000000a6600000)
 Metaspace       used 86515K, capacity 89814K, committed 90032K, reserved 1128448K
  class space    used 10989K, capacity 11640K, committed 11696K, reserved 1048576K
}
Event: 1344.699 GC heap before
{Heap before GC invocations=23 (full 4):
 PSYoungGen      total 450048K, used 446492K [0x00000000e0000000, 0x00000000fdc00000, 0x0000000100000000)
  eden space 420864K, 100% used [0x00000000e0000000,0x00000000f9b00000,0x00000000f9b00000)
  from space 29184K, 87% used [0x00000000fbf80000,0x00000000fd887330,0x00000000fdc00000)
  to   space 33280K, 0% used [0x00000000f9b00000,0x00000000f9b00000,0x00000000fbb80000)
 ParOldGen       total 104448K, used 52849K [0x00000000a0000000, 0x00000000a6600000, 0x00000000e0000000)
  object space 104448K, 50% used [0x00000000a0000000,0x00000000a339c488,0x00000000a6600000)
 Metaspace       used 86644K, capacity 89926K, committed 90032K, reserved 1128448K
  class space    used 10994K, capacity 11648K, committed 11696K, reserved 1048576K
Event: 1344.807 GC heap after
Heap after GC invocations=23 (full 4):
 PSYoungGen      total 454144K, used 2792K [0x00000000e0000000, 0x00000000ffe00000, 0x0000000100000000)
  eden space 420864K, 0% used [0x00000000e0000000,0x00000000e0000000,0x00000000f9b00000)
  from space 33280K, 8% used [0x00000000f9b00000,0x00000000f9dba0c8,0x00000000fbb80000)
  to   space 32768K, 0% used [0x00000000fde00000,0x00000000fde00000,0x00000000ffe00000)
 ParOldGen       total 104448K, used 52857K [0x00000000a0000000, 0x00000000a6600000, 0x00000000e0000000)
  object space 104448K, 50% used [0x00000000a0000000,0x00000000a339e488,0x00000000a6600000)
 Metaspace       used 86644K, capacity 89926K, committed 90032K, reserved 1128448K
  class space    used 10994K, capacity 11648K, committed 11696K, reserved 1048576K
}
Event: 1358.447 GC heap before
{Heap before GC invocations=24 (full 4):
 PSYoungGen      total 454144K, used 423083K [0x00000000e0000000, 0x00000000ffe00000, 0x0000000100000000)
  eden space 420864K, 99% used [0x00000000e0000000,0x00000000f9a70c80,0x00000000f9b00000)
  from space 33280K, 8% used [0x00000000f9b00000,0x00000000f9dba0c8,0x00000000fbb80000)
  to   space 32768K, 0% used [0x00000000fde00000,0x00000000fde00000,0x00000000ffe00000)
 ParOldGen       total 104448K, used 52857K [0x00000000a0000000, 0x00000000a6600000, 0x00000000e0000000)
  object space 104448K, 50% used [0x00000000a0000000,0x00000000a339e488,0x00000000a6600000)
 Metaspace       used 87004K, capacity 90748K, committed 90928K, reserved 1128448K
  class space    used 11056K, capacity 11763K, committed 11824K, reserved 1048576K
Event: 1360.377 GC heap after
Heap after GC invocations=24 (full 4):
 PSYoungGen      total 489472K, used 7668K [0x00000000e0000000, 0x00000000ffc80000, 0x0000000100000000)
  eden space 458240K, 0% used [0x00000000e0000000,0x00000000e0000000,0x00000000fbf80000)
  from space 31232K, 24% used [0x00000000fde00000,0x00000000fe57d3a8,0x00000000ffc80000)
  to   space 31232K, 0% used [0x00000000fbf80000,0x00000000fbf80000,0x00000000fde00000)
 ParOldGen       total 104448K, used 52865K [0x00000000a0000000, 0x00000000a6600000, 0x00000000e0000000)
  object space 104448K, 50% used [0x00000000a0000000,0x00000000a33a0488,0x00000000a6600000)
 Metaspace       used 87004K, capacity 90748K, committed 90928K, reserved 1128448K
  class space    used 11056K, capacity 11763K, committed 11824K, reserved 1048576K
}

