# JRE version: OpenJDK Runtime Environment (8.0_152) (build 1.8.0_152-release-1343-b16-5323222)
# Java VM: OpenJDK 64-Bit Server VM (25.152-b16-5323222 mixed mode linux-amd64 compressed oops)
Heap:
 PSYoungGen      total 370176K, used 6446K [0x00000000e0000000, 0x00000000f8180000, 0x0000000100000000)
  eden space 345600K, 0% used [0x00000000e0000000,0x00000000e0000000,0x00000000f5180000)
  from space 24576K, 26% used [0x00000000f5180000,0x00000000f57cbab0,0x00000000f6980000)
  to   space 20992K, 0% used [0x00000000f6d00000,0x00000000f6d00000,0x00000000f8180000)
 ParOldGen       total 103424K, used 49469K [0x00000000a0000000, 0x00000000a6500000, 0x00000000e0000000)
  object space 103424K, 47% used [0x00000000a0000000,0x00000000a304f648,0x00000000a6500000)
 Metaspace       used 86066K, capacity 89330K, committed 90008K, reserved 1128448K
  class space    used 11146K, capacity 11784K, committed 11944K, reserved 1048576K
GC Heap History (10 events):
Event: 23.552 GC heap after
Heap after GC invocations=14 (full 3):
 PSYoungGen      total 233984K, used 0K [0x00000000e0000000, 0x00000000f3a80000, 0x0000000100000000)
  eden space 216576K, 0% used [0x00000000e0000000,0x00000000e0000000,0x00000000ed380000)
  from space 17408K, 0% used [0x00000000ed380000,0x00000000ed380000,0x00000000ee480000)
  to   space 16384K, 0% used [0x00000000f2a80000,0x00000000f2a80000,0x00000000f3a80000)
 ParOldGen       total 68096K, used 30138K [0x00000000a0000000, 0x00000000a4280000, 0x00000000e0000000)
  object space 68096K, 44% used [0x00000000a0000000,0x00000000a1d6ea98,0x00000000a4280000)
 Metaspace       used 57573K, capacity 59066K, committed 59160K, reserved 1099776K
  class space    used 7826K, capacity 8182K, committed 8232K, reserved 1048576K
}
Event: 32.690 GC heap before
{Heap before GC invocations=15 (full 3):
 PSYoungGen      total 233984K, used 216576K [0x00000000e0000000, 0x00000000f3a80000, 0x0000000100000000)
  eden space 216576K, 100% used [0x00000000e0000000,0x00000000ed380000,0x00000000ed380000)
  from space 17408K, 0% used [0x00000000ed380000,0x00000000ed380000,0x00000000ee480000)
  to   space 16384K, 0% used [0x00000000f2a80000,0x00000000f2a80000,0x00000000f3a80000)
 ParOldGen       total 68096K, used 30138K [0x00000000a0000000, 0x00000000a4280000, 0x00000000e0000000)
  object space 68096K, 44% used [0x00000000a0000000,0x00000000a1d6ea98,0x00000000a4280000)
 Metaspace       used 63152K, capacity 65084K, committed 65432K, reserved 1105920K
  class space    used 8537K, capacity 9005K, committed 9128K, reserved 1048576K
Event: 32.766 GC heap after
Heap after GC invocations=15 (full 3):
 PSYoungGen      total 290816K, used 13477K [0x00000000e0000000, 0x00000000f3800000, 0x0000000100000000)
  eden space 276992K, 0% used [0x00000000e0000000,0x00000000e0000000,0x00000000f0e80000)
  from space 13824K, 97% used [0x00000000f2a80000,0x00000000f37a9668,0x00000000f3800000)
  to   space 17920K, 0% used [0x00000000f1500000,0x00000000f1500000,0x00000000f2680000)
 ParOldGen       total 68096K, used 30146K [0x00000000a0000000, 0x00000000a4280000, 0x00000000e0000000)
  object space 68096K, 44% used [0x00000000a0000000,0x00000000a1d70a98,0x00000000a4280000)
 Metaspace       used 63152K, capacity 65084K, committed 65432K, reserved 1105920K
  class space    used 8537K, capacity 9005K, committed 9128K, reserved 1048576K
}
Event: 45.103 GC heap before
{Heap before GC invocations=16 (full 3):
 PSYoungGen      total 290816K, used 290469K [0x00000000e0000000, 0x00000000f3800000, 0x0000000100000000)
  eden space 276992K, 100% used [0x00000000e0000000,0x00000000f0e80000,0x00000000f0e80000)
  from space 13824K, 97% used [0x00000000f2a80000,0x00000000f37a9668,0x00000000f3800000)
  to   space 17920K, 0% used [0x00000000f1500000,0x00000000f1500000,0x00000000f2680000)
 ParOldGen       total 68096K, used 30146K [0x00000000a0000000, 0x00000000a4280000, 0x00000000e0000000)
  object space 68096K, 44% used [0x00000000a0000000,0x00000000a1d70a98,0x00000000a4280000)
 Metaspace       used 79374K, capacity 82588K, committed 82712K, reserved 1120256K
  class space    used 10599K, capacity 11247K, committed 11304K, reserved 1048576K
Event: 45.242 GC heap after
Heap after GC invocations=16 (full 3):
 PSYoungGen      total 301568K, used 17891K [0x00000000e0000000, 0x00000000f8600000, 0x0000000100000000)
  eden space 283648K, 0% used [0x00000000e0000000,0x00000000e0000000,0x00000000f1500000)
  from space 17920K, 99% used [0x00000000f1500000,0x00000000f2678ec8,0x00000000f2680000)
  to   space 25600K, 0% used [0x00000000f6d00000,0x00000000f6d00000,0x00000000f8600000)
 ParOldGen       total 68096K, used 43388K [0x00000000a0000000, 0x00000000a4280000, 0x00000000e0000000)
  object space 68096K, 63% used [0x00000000a0000000,0x00000000a2a5f1b8,0x00000000a4280000)
 Metaspace       used 79374K, capacity 82588K, committed 82712K, reserved 1120256K
  class space    used 10599K, capacity 11247K, committed 11304K, reserved 1048576K
}
Event: 237.722 GC heap before
{Heap before GC invocations=17 (full 3):
 PSYoungGen      total 301568K, used 301539K [0x00000000e0000000, 0x00000000f8600000, 0x0000000100000000)
  eden space 283648K, 100% used [0x00000000e0000000,0x00000000f1500000,0x00000000f1500000)
  from space 17920K, 99% used [0x00000000f1500000,0x00000000f2678ec8,0x00000000f2680000)
  to   space 25600K, 0% used [0x00000000f6d00000,0x00000000f6d00000,0x00000000f8600000)
 ParOldGen       total 68096K, used 43388K [0x00000000a0000000, 0x00000000a4280000, 0x00000000e0000000)
  object space 68096K, 63% used [0x00000000a0000000,0x00000000a2a5f1b8,0x00000000a4280000)
 Metaspace       used 85437K, capacity 89004K, committed 89240K, reserved 1126400K
  class space    used 11203K, capacity 11887K, committed 11944K, reserved 1048576K
Event: 238.004 GC heap after
Heap after GC invocations=17 (full 3):
 PSYoungGen      total 366592K, used 12014K [0x00000000e0000000, 0x00000000f8180000, 0x0000000100000000)
  eden space 345600K, 0% used [0x00000000e0000000,0x00000000e0000000,0x00000000f5180000)
  from space 20992K, 57% used [0x00000000f6d00000,0x00000000f78bbb48,0x00000000f8180000)
  to   space 24576K, 0% used [0x00000000f5180000,0x00000000f5180000,0x00000000f6980000)
 ParOldGen       total 68096K, used 57133K [0x00000000a0000000, 0x00000000a4280000, 0x00000000e0000000)
  object space 68096K, 83% used [0x00000000a0000000,0x00000000a37cb6a0,0x00000000a4280000)
 Metaspace       used 85437K, capacity 89004K, committed 89240K, reserved 1126400K
  class space    used 11203K, capacity 11887K, committed 11944K, reserved 1048576K
}
Event: 238.005 GC heap before
{Heap before GC invocations=18 (full 4):
 PSYoungGen      total 366592K, used 12014K [0x00000000e0000000, 0x00000000f8180000, 0x0000000100000000)
  eden space 345600K, 0% used [0x00000000e0000000,0x00000000e0000000,0x00000000f5180000)
  from space 20992K, 57% used [0x00000000f6d00000,0x00000000f78bbb48,0x00000000f8180000)
  to   space 24576K, 0% used [0x00000000f5180000,0x00000000f5180000,0x00000000f6980000)
 ParOldGen       total 68096K, used 57133K [0x00000000a0000000, 0x00000000a4280000, 0x00000000e0000000)
  object space 68096K, 83% used [0x00000000a0000000,0x00000000a37cb6a0,0x00000000a4280000)
 Metaspace       used 85437K, capacity 89004K, committed 89240K, reserved 1126400K
  class space    used 11203K, capacity 11887K, committed 11944K, reserved 1048576K
Event: 238.760 GC heap after
Heap after GC invocations=18 (full 4):
 PSYoungGen      total 366592K, used 0K [0x00000000e0000000, 0x00000000f8180000, 0x0000000100000000)
  eden space 345600K, 0% used [0x00000000e0000000,0x00000000e0000000,0x00000000f5180000)
  from space 20992K, 0% used [0x00000000f6d00000,0x00000000f6d00000,0x00000000f8180000)
  to   space 24576K, 0% used [0x00000000f5180000,0x00000000f5180000,0x00000000f6980000)
 ParOldGen       total 103424K, used 49461K [0x00000000a0000000, 0x00000000a6500000, 0x00000000e0000000)
  object space 103424K, 47% used [0x00000000a0000000,0x00000000a304d648,0x00000000a6500000)
 Metaspace       used 85196K, capacity 88318K, committed 89240K, reserved 1126400K
  class space    used 11122K, capacity 11746K, committed 11944K, reserved 1048576K
}
Event: 813.512 GC heap before
{Heap before GC invocations=19 (full 4):
 PSYoungGen      total 366592K, used 345600K [0x00000000e0000000, 0x00000000f8180000, 0x0000000100000000)
  eden space 345600K, 100% used [0x00000000e0000000,0x00000000f5180000,0x00000000f5180000)
  from space 20992K, 0% used [0x00000000f6d00000,0x00000000f6d00000,0x00000000f8180000)
  to   space 24576K, 0% used [0x00000000f5180000,0x00000000f5180000,0x00000000f6980000)
 ParOldGen       total 103424K, used 49461K [0x00000000a0000000, 0x00000000a6500000, 0x00000000e0000000)
  object space 103424K, 47% used [0x00000000a0000000,0x00000000a304d648,0x00000000a6500000)
 Metaspace       used 86066K, capacity 89330K, committed 90008K, reserved 1128448K
  class space    used 11146K, capacity 11784K, committed 11944K, reserved 1048576K

