# JRE version: OpenJDK Runtime Environment (8.0_152) (build 1.8.0_152-release-1343-b16-5323222)
# Java VM: OpenJDK 64-Bit Server VM (25.152-b16-5323222 mixed mode linux-amd64 compressed oops)
Heap:
 PSYoungGen      total 242688K, used 60311K [0x00000000e0000000, 0x00000000eff80000, 0x0000000100000000)
  eden space 230400K, 21% used [0x00000000e0000000,0x00000000e3131a00,0x00000000ee100000)
  from space 12288K, 80% used [0x00000000eed80000,0x00000000ef734218,0x00000000ef980000)
  to   space 12800K, 0% used [0x00000000ee100000,0x00000000ee100000,0x00000000eed80000)
 ParOldGen       total 43520K, used 16256K [0x00000000a0000000, 0x00000000a2a80000, 0x00000000e0000000)
  object space 43520K, 37% used [0x00000000a0000000,0x00000000a0fe01f0,0x00000000a2a80000)
 Metaspace       used 43002K, capacity 43738K, committed 44032K, reserved 1087488K
  class space    used 5563K, capacity 5813K, committed 5888K, reserved 1048576K
GC Heap History (10 events):
Event: 11.391 GC heap before
{Heap before GC invocations=8 (full 1):
 PSYoungGen      total 100864K, used 4654K [0x00000000e0000000, 0x00000000ec500000, 0x0000000100000000)
  eden space 92672K, 0% used [0x00000000e0000000,0x00000000e0000000,0x00000000e5a80000)
  from space 8192K, 56% used [0x00000000e5a80000,0x00000000e5f0bb10,0x00000000e6280000)
  to   space 8192K, 0% used [0x00000000ebd00000,0x00000000ebd00000,0x00000000ec500000)
 ParOldGen       total 30208K, used 11510K [0x00000000a0000000, 0x00000000a1d80000, 0x00000000e0000000)
  object space 30208K, 38% used [0x00000000a0000000,0x00000000a0b3da80,0x00000000a1d80000)
 Metaspace       used 20680K, capacity 21142K, committed 21296K, reserved 1067008K
  class space    used 2950K, capacity 3155K, committed 3200K, reserved 1048576K
Event: 11.491 GC heap after
Heap after GC invocations=8 (full 1):
 PSYoungGen      total 100864K, used 0K [0x00000000e0000000, 0x00000000ec500000, 0x0000000100000000)
  eden space 92672K, 0% used [0x00000000e0000000,0x00000000e0000000,0x00000000e5a80000)
  from space 8192K, 0% used [0x00000000e5a80000,0x00000000e5a80000,0x00000000e6280000)
  to   space 8192K, 0% used [0x00000000ebd00000,0x00000000ebd00000,0x00000000ec500000)
 ParOldGen       total 31744K, used 11222K [0x00000000a0000000, 0x00000000a1f00000, 0x00000000e0000000)
  object space 31744K, 35% used [0x00000000a0000000,0x00000000a0af5948,0x00000000a1f00000)
 Metaspace       used 20680K, capacity 21142K, committed 21296K, reserved 1067008K
  class space    used 2950K, capacity 3155K, committed 3200K, reserved 1048576K
}
Event: 15.129 GC heap before
{Heap before GC invocations=9 (full 1):
 PSYoungGen      total 100864K, used 92672K [0x00000000e0000000, 0x00000000ec500000, 0x0000000100000000)
  eden space 92672K, 100% used [0x00000000e0000000,0x00000000e5a80000,0x00000000e5a80000)
  from space 8192K, 0% used [0x00000000e5a80000,0x00000000e5a80000,0x00000000e6280000)
  to   space 8192K, 0% used [0x00000000ebd00000,0x00000000ebd00000,0x00000000ec500000)
 ParOldGen       total 31744K, used 11222K [0x00000000a0000000, 0x00000000a1f00000, 0x00000000e0000000)
  object space 31744K, 35% used [0x00000000a0000000,0x00000000a0af5948,0x00000000a1f00000)
 Metaspace       used 30767K, capacity 31262K, committed 31616K, reserved 1077248K
  class space    used 4149K, capacity 4361K, committed 4480K, reserved 1048576K
Event: 15.217 GC heap after
Heap after GC invocations=9 (full 1):
 PSYoungGen      total 168960K, used 8174K [0x00000000e0000000, 0x00000000ec500000, 0x0000000100000000)
  eden space 160768K, 0% used [0x00000000e0000000,0x00000000e0000000,0x00000000e9d00000)
  from space 8192K, 99% used [0x00000000ebd00000,0x00000000ec4fb9c0,0x00000000ec500000)
  to   space 10752K, 0% used [0x00000000eb000000,0x00000000eb000000,0x00000000eba80000)
 ParOldGen       total 31744K, used 14137K [0x00000000a0000000, 0x00000000a1f00000, 0x00000000e0000000)
  object space 31744K, 44% used [0x00000000a0000000,0x00000000a0dce458,0x00000000a1f00000)
 Metaspace       used 30767K, capacity 31262K, committed 31616K, reserved 1077248K
  class space    used 4149K, capacity 4361K, committed 4480K, reserved 1048576K
}
Event: 17.842 GC heap before
{Heap before GC invocations=10 (full 1):
 PSYoungGen      total 168960K, used 84963K [0x00000000e0000000, 0x00000000ec500000, 0x0000000100000000)
  eden space 160768K, 47% used [0x00000000e0000000,0x00000000e4afd2b8,0x00000000e9d00000)
  from space 8192K, 99% used [0x00000000ebd00000,0x00000000ec4fb9c0,0x00000000ec500000)
  to   space 10752K, 0% used [0x00000000eb000000,0x00000000eb000000,0x00000000eba80000)
 ParOldGen       total 31744K, used 14137K [0x00000000a0000000, 0x00000000a1f00000, 0x00000000e0000000)
  object space 31744K, 44% used [0x00000000a0000000,0x00000000a0dce458,0x00000000a1f00000)
 Metaspace       used 34606K, capacity 35174K, committed 35456K, reserved 1079296K
  class space    used 4665K, capacity 4873K, committed 4992K, reserved 1048576K
Event: 17.892 GC heap after
Heap after GC invocations=10 (full 1):
 PSYoungGen      total 190976K, used 10144K [0x00000000e0000000, 0x00000000ef980000, 0x0000000100000000)
  eden space 180224K, 0% used [0x00000000e0000000,0x00000000e0000000,0x00000000eb000000)
  from space 10752K, 94% used [0x00000000eb000000,0x00000000eb9e8040,0x00000000eba80000)
  to   space 12288K, 0% used [0x00000000eed80000,0x00000000eed80000,0x00000000ef980000)
 ParOldGen       total 31744K, used 14145K [0x00000000a0000000, 0x00000000a1f00000, 0x00000000e0000000)
  object space 31744K, 44% used [0x00000000a0000000,0x00000000a0dd0458,0x00000000a1f00000)
 Metaspace       used 34606K, capacity 35174K, committed 35456K, reserved 1079296K
  class space    used 4665K, capacity 4873K, committed 4992K, reserved 1048576K
}
Event: 17.892 GC heap before
{Heap before GC invocations=11 (full 2):
 PSYoungGen      total 190976K, used 10144K [0x00000000e0000000, 0x00000000ef980000, 0x0000000100000000)
  eden space 180224K, 0% used [0x00000000e0000000,0x00000000e0000000,0x00000000eb000000)
  from space 10752K, 94% used [0x00000000eb000000,0x00000000eb9e8040,0x00000000eba80000)
  to   space 12288K, 0% used [0x00000000eed80000,0x00000000eed80000,0x00000000ef980000)
 ParOldGen       total 31744K, used 14145K [0x00000000a0000000, 0x00000000a1f00000, 0x00000000e0000000)
  object space 31744K, 44% used [0x00000000a0000000,0x00000000a0dd0458,0x00000000a1f00000)
 Metaspace       used 34606K, capacity 35174K, committed 35456K, reserved 1079296K
  class space    used 4665K, capacity 4873K, committed 4992K, reserved 1048576K
Event: 18.052 GC heap after
Heap after GC invocations=11 (full 2):
 PSYoungGen      total 190976K, used 0K [0x00000000e0000000, 0x00000000ef980000, 0x0000000100000000)
  eden space 180224K, 0% used [0x00000000e0000000,0x00000000e0000000,0x00000000eb000000)
  from space 10752K, 0% used [0x00000000eb000000,0x00000000eb000000,0x00000000eba80000)
  to   space 12288K, 0% used [0x00000000eed80000,0x00000000eed80000,0x00000000ef980000)
 ParOldGen       total 43520K, used 16184K [0x00000000a0000000, 0x00000000a2a80000, 0x00000000e0000000)
  object space 43520K, 37% used [0x00000000a0000000,0x00000000a0fce1e0,0x00000000a2a80000)
 Metaspace       used 34584K, capacity 35144K, committed 35456K, reserved 1079296K
  class space    used 4657K, capacity 4863K, committed 4992K, reserved 1048576K
}
Event: 35.280 GC heap before
{Heap before GC invocations=12 (full 2):
 PSYoungGen      total 190976K, used 180224K [0x00000000e0000000, 0x00000000ef980000, 0x0000000100000000)
  eden space 180224K, 100% used [0x00000000e0000000,0x00000000eb000000,0x00000000eb000000)
  from space 10752K, 0% used [0x00000000eb000000,0x00000000eb000000,0x00000000eba80000)
  to   space 12288K, 0% used [0x00000000eed80000,0x00000000eed80000,0x00000000ef980000)
 ParOldGen       total 43520K, used 16184K [0x00000000a0000000, 0x00000000a2a80000, 0x00000000e0000000)
  object space 43520K, 37% used [0x00000000a0000000,0x00000000a0fce1e0,0x00000000a2a80000)
 Metaspace       used 42793K, capacity 43520K, committed 43904K, reserved 1087488K
  class space    used 5542K, capacity 5744K, committed 5760K, reserved 1048576K
Event: 35.323 GC heap after
Heap after GC invocations=12 (full 2):
 PSYoungGen      total 242688K, used 9936K [0x00000000e0000000, 0x00000000eff80000, 0x0000000100000000)
  eden space 230400K, 0% used [0x00000000e0000000,0x00000000e0000000,0x00000000ee100000)
  from space 12288K, 80% used [0x00000000eed80000,0x00000000ef734218,0x00000000ef980000)
  to   space 12800K, 0% used [0x00000000ee100000,0x00000000ee100000,0x00000000eed80000)
 ParOldGen       total 43520K, used 16256K [0x00000000a0000000, 0x00000000a2a80000, 0x00000000e0000000)
  object space 43520K, 37% used [0x00000000a0000000,0x00000000a0fe01f0,0x00000000a2a80000)
 Metaspace       used 42793K, capacity 43520K, committed 43904K, reserved 1087488K
  class space    used 5542K, capacity 5744K, committed 5760K, reserved 1048576K
}

