# JRE version: OpenJDK Runtime Environment (8.0_152) (build 1.8.0_152-release-1343-b16-5323222)
# Java VM: OpenJDK 64-Bit Server VM (25.152-b16-5323222 mixed mode linux-amd64 compressed oops)
Heap:
 PSYoungGen      total 191488K, used 83316K [0x00000000e0000000, 0x00000000ee880000, 0x0000000100000000)
  eden space 181248K, 45% used [0x00000000e0000000,0x00000000e515d118,0x00000000eb100000)
  from space 10240K, 0% used [0x00000000eb100000,0x00000000eb100000,0x00000000ebb00000)
  to   space 12288K, 0% used [0x00000000edc80000,0x00000000edc80000,0x00000000ee880000)
 ParOldGen       total 46080K, used 18448K [0x00000000a0000000, 0x00000000a2d00000, 0x00000000e0000000)
  object space 46080K, 40% used [0x00000000a0000000,0x00000000a12043b8,0x00000000a2d00000)
 Metaspace       used 37719K, capacity 38398K, committed 38656K, reserved 1083392K
  class space    used 5119K, capacity 5350K, committed 5376K, reserved 1048576K
GC Heap History (10 events):
Event: 5.599 GC heap before
{Heap before GC invocations=7 (full 0):
 PSYoungGen      total 99840K, used 13326K [0x00000000e0000000, 0x00000000e6d00000, 0x0000000100000000)
  eden space 92672K, 6% used [0x00000000e0000000,0x00000000e06063a8,0x00000000e5a80000)
  from space 7168K, 99% used [0x00000000e6300000,0x00000000e69fd5a8,0x00000000e6a00000)
  to   space 8704K, 0% used [0x00000000e5a80000,0x00000000e5a80000,0x00000000e6300000)
 ParOldGen       total 30208K, used 11423K [0x00000000a0000000, 0x00000000a1d80000, 0x00000000e0000000)
  object space 30208K, 37% used [0x00000000a0000000,0x00000000a0b27f78,0x00000000a1d80000)
 Metaspace       used 20635K, capacity 21078K, committed 21296K, reserved 1067008K
  class space    used 2901K, capacity 3092K, committed 3200K, reserved 1048576K
Event: 5.630 GC heap after
Heap after GC invocations=7 (full 0):
 PSYoungGen      total 101376K, used 4022K [0x00000000e0000000, 0x00000000ec500000, 0x0000000100000000)
  eden space 92672K, 0% used [0x00000000e0000000,0x00000000e0000000,0x00000000e5a80000)
  from space 8704K, 46% used [0x00000000e5a80000,0x00000000e5e6da20,0x00000000e6300000)
  to   space 8192K, 0% used [0x00000000ebd00000,0x00000000ebd00000,0x00000000ec500000)
 ParOldGen       total 30208K, used 11808K [0x00000000a0000000, 0x00000000a1d80000, 0x00000000e0000000)
  object space 30208K, 39% used [0x00000000a0000000,0x00000000a0b88380,0x00000000a1d80000)
 Metaspace       used 20635K, capacity 21078K, committed 21296K, reserved 1067008K
  class space    used 2901K, capacity 3092K, committed 3200K, reserved 1048576K
}
Event: 5.630 GC heap before
{Heap before GC invocations=8 (full 1):
 PSYoungGen      total 101376K, used 4022K [0x00000000e0000000, 0x00000000ec500000, 0x0000000100000000)
  eden space 92672K, 0% used [0x00000000e0000000,0x00000000e0000000,0x00000000e5a80000)
  from space 8704K, 46% used [0x00000000e5a80000,0x00000000e5e6da20,0x00000000e6300000)
  to   space 8192K, 0% used [0x00000000ebd00000,0x00000000ebd00000,0x00000000ec500000)
 ParOldGen       total 30208K, used 11808K [0x00000000a0000000, 0x00000000a1d80000, 0x00000000e0000000)
  object space 30208K, 39% used [0x00000000a0000000,0x00000000a0b88380,0x00000000a1d80000)
 Metaspace       used 20635K, capacity 21078K, committed 21296K, reserved 1067008K
  class space    used 2901K, capacity 3092K, committed 3200K, reserved 1048576K
Event: 5.737 GC heap after
Heap after GC invocations=8 (full 1):
 PSYoungGen      total 101376K, used 0K [0x00000000e0000000, 0x00000000ec500000, 0x0000000100000000)
  eden space 92672K, 0% used [0x00000000e0000000,0x00000000e0000000,0x00000000e5a80000)
  from space 8704K, 0% used [0x00000000e5a80000,0x00000000e5a80000,0x00000000e6300000)
  to   space 8192K, 0% used [0x00000000ebd00000,0x00000000ebd00000,0x00000000ec500000)
 ParOldGen       total 28160K, used 7697K [0x00000000a0000000, 0x00000000a1b80000, 0x00000000e0000000)
  object space 28160K, 27% used [0x00000000a0000000,0x00000000a07847d8,0x00000000a1b80000)
 Metaspace       used 20635K, capacity 21078K, committed 21296K, reserved 1067008K
  class space    used 2901K, capacity 3092K, committed 3200K, reserved 1048576K
}
Event: 8.667 GC heap before
{Heap before GC invocations=9 (full 1):
 PSYoungGen      total 101376K, used 92672K [0x00000000e0000000, 0x00000000ec500000, 0x0000000100000000)
  eden space 92672K, 100% used [0x00000000e0000000,0x00000000e5a80000,0x00000000e5a80000)
  from space 8704K, 0% used [0x00000000e5a80000,0x00000000e5a80000,0x00000000e6300000)
  to   space 8192K, 0% used [0x00000000ebd00000,0x00000000ebd00000,0x00000000ec500000)
 ParOldGen       total 28160K, used 7697K [0x00000000a0000000, 0x00000000a1b80000, 0x00000000e0000000)
  object space 28160K, 27% used [0x00000000a0000000,0x00000000a07847d8,0x00000000a1b80000)
 Metaspace       used 29302K, capacity 29840K, committed 30208K, reserved 1075200K
  class space    used 4052K, capacity 4275K, committed 4352K, reserved 1048576K
Event: 8.701 GC heap after
Heap after GC invocations=9 (full 1):
 PSYoungGen      total 163328K, used 8167K [0x00000000e0000000, 0x00000000ec500000, 0x0000000100000000)
  eden space 155136K, 0% used [0x00000000e0000000,0x00000000e0000000,0x00000000e9780000)
  from space 8192K, 99% used [0x00000000ebd00000,0x00000000ec4f9d68,0x00000000ec500000)
  to   space 10240K, 0% used [0x00000000eb100000,0x00000000eb100000,0x00000000ebb00000)
 ParOldGen       total 28160K, used 9033K [0x00000000a0000000, 0x00000000a1b80000, 0x00000000e0000000)
  object space 28160K, 32% used [0x00000000a0000000,0x00000000a08d25a0,0x00000000a1b80000)
 Metaspace       used 29302K, capacity 29840K, committed 30208K, reserved 1075200K
  class space    used 4052K, capacity 4275K, committed 4352K, reserved 1048576K
}
Event: 11.622 GC heap before
{Heap before GC invocations=10 (full 1):
 PSYoungGen      total 163328K, used 89008K [0x00000000e0000000, 0x00000000ec500000, 0x0000000100000000)
  eden space 155136K, 52% used [0x00000000e0000000,0x00000000e4ef2570,0x00000000e9780000)
  from space 8192K, 99% used [0x00000000ebd00000,0x00000000ec4f9d68,0x00000000ec500000)
  to   space 10240K, 0% used [0x00000000eb100000,0x00000000eb100000,0x00000000ebb00000)
 ParOldGen       total 28160K, used 9033K [0x00000000a0000000, 0x00000000a1b80000, 0x00000000e0000000)
  object space 28160K, 32% used [0x00000000a0000000,0x00000000a08d25a0,0x00000000a1b80000)
 Metaspace       used 34708K, capacity 35380K, committed 35456K, reserved 1079296K
  class space    used 4773K, capacity 4991K, committed 4992K, reserved 1048576K
Event: 11.655 GC heap after
Heap after GC invocations=10 (full 1):
 PSYoungGen      total 191488K, used 10235K [0x00000000e0000000, 0x00000000ee880000, 0x0000000100000000)
  eden space 181248K, 0% used [0x00000000e0000000,0x00000000e0000000,0x00000000eb100000)
  from space 10240K, 99% used [0x00000000eb100000,0x00000000ebafee30,0x00000000ebb00000)
  to   space 12288K, 0% used [0x00000000edc80000,0x00000000edc80000,0x00000000ee880000)
 ParOldGen       total 28160K, used 10428K [0x00000000a0000000, 0x00000000a1b80000, 0x00000000e0000000)
  object space 28160K, 37% used [0x00000000a0000000,0x00000000a0a2f1f8,0x00000000a1b80000)
 Metaspace       used 34708K, capacity 35380K, committed 35456K, reserved 1079296K
  class space    used 4773K, capacity 4991K, committed 4992K, reserved 1048576K
}
Event: 11.655 GC heap before
{Heap before GC invocations=11 (full 2):
 PSYoungGen      total 191488K, used 10235K [0x00000000e0000000, 0x00000000ee880000, 0x0000000100000000)
  eden space 181248K, 0% used [0x00000000e0000000,0x00000000e0000000,0x00000000eb100000)
  from space 10240K, 99% used [0x00000000eb100000,0x00000000ebafee30,0x00000000ebb00000)
  to   space 12288K, 0% used [0x00000000edc80000,0x00000000edc80000,0x00000000ee880000)
 ParOldGen       total 28160K, used 10428K [0x00000000a0000000, 0x00000000a1b80000, 0x00000000e0000000)
  object space 28160K, 37% used [0x00000000a0000000,0x00000000a0a2f1f8,0x00000000a1b80000)
 Metaspace       used 34708K, capacity 35380K, committed 35456K, reserved 1079296K
  class space    used 4773K, capacity 4991K, committed 4992K, reserved 1048576K
Event: 11.883 GC heap after
Heap after GC invocations=11 (full 2):
 PSYoungGen      total 191488K, used 0K [0x00000000e0000000, 0x00000000ee880000, 0x0000000100000000)
  eden space 181248K, 0% used [0x00000000e0000000,0x00000000e0000000,0x00000000eb100000)
  from space 10240K, 0% used [0x00000000eb100000,0x00000000eb100000,0x00000000ebb00000)
  to   space 12288K, 0% used [0x00000000edc80000,0x00000000edc80000,0x00000000ee880000)
 ParOldGen       total 46080K, used 18448K [0x00000000a0000000, 0x00000000a2d00000, 0x00000000e0000000)
  object space 46080K, 40% used [0x00000000a0000000,0x00000000a12043b8,0x00000000a2d00000)
 Metaspace       used 34708K, capacity 35380K, committed 35456K, reserved 1079296K
  class space    used 4773K, capacity 4991K, committed 4992K, reserved 1048576K
}

