# JRE version: OpenJDK Runtime Environment (8.0_152) (build 1.8.0_152-release-1343-b16-5323222)
# Java VM: OpenJDK 64-Bit Server VM (25.152-b16-5323222 mixed mode linux-amd64 compressed oops)
Heap:
 PSYoungGen      total 344576K, used 15284K [0x00000000e0000000, 0x00000000f6280000, 0x0000000100000000)
  eden space 326144K, 0% used [0x00000000e0000000,0x00000000e0000000,0x00000000f3e80000)
  from space 18432K, 82% used [0x00000000f3e80000,0x00000000f4d6d110,0x00000000f5080000)
  to   space 16896K, 0% used [0x00000000f5080000,0x00000000f5080000,0x00000000f6100000)
 ParOldGen       total 62976K, used 39632K [0x00000000a0000000, 0x00000000a3d80000, 0x00000000e0000000)
  object space 62976K, 62% used [0x00000000a0000000,0x00000000a26b4048,0x00000000a3d80000)
 Metaspace       used 74413K, capacity 76692K, committed 76824K, reserved 1116160K
  class space    used 9784K, capacity 10265K, committed 10288K, reserved 1048576K
GC Heap History (10 events):
Event: 15.331 GC heap after
Heap after GC invocations=11 (full 2):
 PSYoungGen      total 191488K, used 0K [0x00000000e0000000, 0x00000000f1780000, 0x0000000100000000)
  eden space 181248K, 0% used [0x00000000e0000000,0x00000000e0000000,0x00000000eb100000)
  from space 10240K, 0% used [0x00000000eb100000,0x00000000eb100000,0x00000000ebb00000)
  to   space 12288K, 0% used [0x00000000f0b80000,0x00000000f0b80000,0x00000000f1780000)
 ParOldGen       total 41984K, used 18676K [0x00000000a0000000, 0x00000000a2900000, 0x00000000e0000000)
  object space 41984K, 44% used [0x00000000a0000000,0x00000000a123d268,0x00000000a2900000)
 Metaspace       used 34766K, capacity 35388K, committed 35496K, reserved 1079296K
  class space    used 4818K, capacity 5023K, committed 5040K, reserved 1048576K
}
Event: 22.136 GC heap before
{Heap before GC invocations=12 (full 2):
 PSYoungGen      total 191488K, used 181248K [0x00000000e0000000, 0x00000000f1780000, 0x0000000100000000)
  eden space 181248K, 100% used [0x00000000e0000000,0x00000000eb100000,0x00000000eb100000)
  from space 10240K, 0% used [0x00000000eb100000,0x00000000eb100000,0x00000000ebb00000)
  to   space 12288K, 0% used [0x00000000f0b80000,0x00000000f0b80000,0x00000000f1780000)
 ParOldGen       total 41984K, used 18676K [0x00000000a0000000, 0x00000000a2900000, 0x00000000e0000000)
  object space 41984K, 44% used [0x00000000a0000000,0x00000000a123d268,0x00000000a2900000)
 Metaspace       used 52996K, capacity 54252K, committed 54440K, reserved 1095680K
  class space    used 7154K, capacity 7487K, committed 7600K, reserved 1048576K
Event: 22.196 GC heap after
Heap after GC invocations=12 (full 2):
 PSYoungGen      total 257536K, used 12272K [0x00000000e0000000, 0x00000000f1780000, 0x0000000100000000)
  eden space 245248K, 0% used [0x00000000e0000000,0x00000000e0000000,0x00000000eef80000)
  from space 12288K, 99% used [0x00000000f0b80000,0x00000000f177c0b0,0x00000000f1780000)
  to   space 17920K, 0% used [0x00000000ef480000,0x00000000ef480000,0x00000000f0600000)
 ParOldGen       total 41984K, used 27844K [0x00000000a0000000, 0x00000000a2900000, 0x00000000e0000000)
  object space 41984K, 66% used [0x00000000a0000000,0x00000000a1b31130,0x00000000a2900000)
 Metaspace       used 52996K, capacity 54252K, committed 54440K, reserved 1095680K
  class space    used 7154K, capacity 7487K, committed 7600K, reserved 1048576K
}
Event: 24.054 GC heap before
{Heap before GC invocations=13 (full 2):
 PSYoungGen      total 257536K, used 75864K [0x00000000e0000000, 0x00000000f1780000, 0x0000000100000000)
  eden space 245248K, 25% used [0x00000000e0000000,0x00000000e3e1a0f8,0x00000000eef80000)
  from space 12288K, 99% used [0x00000000f0b80000,0x00000000f177c0b0,0x00000000f1780000)
  to   space 17920K, 0% used [0x00000000ef480000,0x00000000ef480000,0x00000000f0600000)
 ParOldGen       total 41984K, used 27844K [0x00000000a0000000, 0x00000000a2900000, 0x00000000e0000000)
  object space 41984K, 66% used [0x00000000a0000000,0x00000000a1b31130,0x00000000a2900000)
 Metaspace       used 57612K, capacity 59102K, committed 59160K, reserved 1099776K
  class space    used 7831K, capacity 8214K, committed 8240K, reserved 1048576K
Event: 24.101 GC heap after
Heap after GC invocations=13 (full 2):
 PSYoungGen      total 268288K, used 6865K [0x00000000e0000000, 0x00000000f6100000, 0x0000000100000000)
  eden space 250368K, 0% used [0x00000000e0000000,0x00000000e0000000,0x00000000ef480000)
  from space 17920K, 38% used [0x00000000ef480000,0x00000000efb346d8,0x00000000f0600000)
  to   space 16896K, 0% used [0x00000000f5080000,0x00000000f5080000,0x00000000f6100000)
 ParOldGen       total 41984K, used 37467K [0x00000000a0000000, 0x00000000a2900000, 0x00000000e0000000)
  object space 41984K, 89% used [0x00000000a0000000,0x00000000a2496fc8,0x00000000a2900000)
 Metaspace       used 57612K, capacity 59102K, committed 59160K, reserved 1099776K
  class space    used 7831K, capacity 8214K, committed 8240K, reserved 1048576K
}
Event: 24.101 GC heap before
{Heap before GC invocations=14 (full 3):
 PSYoungGen      total 268288K, used 6865K [0x00000000e0000000, 0x00000000f6100000, 0x0000000100000000)
  eden space 250368K, 0% used [0x00000000e0000000,0x00000000e0000000,0x00000000ef480000)
  from space 17920K, 38% used [0x00000000ef480000,0x00000000efb346d8,0x00000000f0600000)
  to   space 16896K, 0% used [0x00000000f5080000,0x00000000f5080000,0x00000000f6100000)
 ParOldGen       total 41984K, used 37467K [0x00000000a0000000, 0x00000000a2900000, 0x00000000e0000000)
  object space 41984K, 89% used [0x00000000a0000000,0x00000000a2496fc8,0x00000000a2900000)
 Metaspace       used 57612K, capacity 59102K, committed 59160K, reserved 1099776K
  class space    used 7831K, capacity 8214K, committed 8240K, reserved 1048576K
Event: 24.376 GC heap after
Heap after GC invocations=14 (full 3):
 PSYoungGen      total 268288K, used 0K [0x00000000e0000000, 0x00000000f6100000, 0x0000000100000000)
  eden space 250368K, 0% used [0x00000000e0000000,0x00000000e0000000,0x00000000ef480000)
  from space 17920K, 0% used [0x00000000ef480000,0x00000000ef480000,0x00000000f0600000)
  to   space 16896K, 0% used [0x00000000f5080000,0x00000000f5080000,0x00000000f6100000)
 ParOldGen       total 62976K, used 30180K [0x00000000a0000000, 0x00000000a3d80000, 0x00000000e0000000)
  object space 62976K, 47% used [0x00000000a0000000,0x00000000a1d79150,0x00000000a3d80000)
 Metaspace       used 57612K, capacity 59102K, committed 59160K, reserved 1099776K
  class space    used 7831K, capacity 8214K, committed 8240K, reserved 1048576K
}
Event: 32.821 GC heap before
{Heap before GC invocations=15 (full 3):
 PSYoungGen      total 268288K, used 250368K [0x00000000e0000000, 0x00000000f6100000, 0x0000000100000000)
  eden space 250368K, 100% used [0x00000000e0000000,0x00000000ef480000,0x00000000ef480000)
  from space 17920K, 0% used [0x00000000ef480000,0x00000000ef480000,0x00000000f0600000)
  to   space 16896K, 0% used [0x00000000f5080000,0x00000000f5080000,0x00000000f6100000)
 ParOldGen       total 62976K, used 30180K [0x00000000a0000000, 0x00000000a3d80000, 0x00000000e0000000)
  object space 62976K, 47% used [0x00000000a0000000,0x00000000a1d79150,0x00000000a3d80000)
 Metaspace       used 64863K, capacity 66722K, committed 66968K, reserved 1107968K
  class space    used 8667K, capacity 9090K, committed 9136K, reserved 1048576K
Event: 32.924 GC heap after
Heap after GC invocations=15 (full 3):
 PSYoungGen      total 343040K, used 14062K [0x00000000e0000000, 0x00000000f6280000, 0x0000000100000000)
  eden space 326144K, 0% used [0x00000000e0000000,0x00000000e0000000,0x00000000f3e80000)
  from space 16896K, 83% used [0x00000000f5080000,0x00000000f5e3b9c0,0x00000000f6100000)
  to   space 18432K, 0% used [0x00000000f3e80000,0x00000000f3e80000,0x00000000f5080000)
 ParOldGen       total 62976K, used 30188K [0x00000000a0000000, 0x00000000a3d80000, 0x00000000e0000000)
  object space 62976K, 47% used [0x00000000a0000000,0x00000000a1d7b150,0x00000000a3d80000)
 Metaspace       used 64863K, capacity 66722K, committed 66968K, reserved 1107968K
  class space    used 8667K, capacity 9090K, committed 9136K, reserved 1048576K
}
Event: 45.403 GC heap before
{Heap before GC invocations=16 (full 3):
 PSYoungGen      total 343040K, used 340206K [0x00000000e0000000, 0x00000000f6280000, 0x0000000100000000)
  eden space 326144K, 100% used [0x00000000e0000000,0x00000000f3e80000,0x00000000f3e80000)
  from space 16896K, 83% used [0x00000000f5080000,0x00000000f5e3b9c0,0x00000000f6100000)
  to   space 18432K, 0% used [0x00000000f3e80000,0x00000000f3e80000,0x00000000f5080000)
 ParOldGen       total 62976K, used 30188K [0x00000000a0000000, 0x00000000a3d80000, 0x00000000e0000000)
  object space 62976K, 47% used [0x00000000a0000000,0x00000000a1d7b150,0x00000000a3d80000)
 Metaspace       used 74413K, capacity 76692K, committed 76824K, reserved 1116160K
  class space    used 9784K, capacity 10265K, committed 10288K, reserved 1048576K

