# JRE version: OpenJDK Runtime Environment (8.0_152) (build 1.8.0_152-release-1343-b16-5323222)
# Java VM: OpenJDK 64-Bit Server VM (25.152-b16-5323222 mixed mode linux-amd64 compressed oops)
Heap:
 PSYoungGen      total 225280K, used 21492K [0x00000000e0000000, 0x00000000ef180000, 0x0000000100000000)
  eden space 203776K, 0% used [0x00000000e0000000,0x00000000e0000000,0x00000000ec700000)
  from space 21504K, 99% used [0x00000000ec780000,0x00000000edc7d098,0x00000000edc80000)
  to   space 18432K, 0% used [0x00000000edf80000,0x00000000edf80000,0x00000000ef180000)
 ParOldGen       total 72704K, used 57525K [0x00000000a0000000, 0x00000000a4700000, 0x00000000e0000000)
  object space 72704K, 79% used [0x00000000a0000000,0x00000000a382d428,0x00000000a4700000)
 Metaspace       used 76546K, capacity 79123K, committed 79400K, reserved 1118208K
  class space    used 9927K, capacity 10498K, committed 10544K, reserved 1048576K
GC Heap History (10 events):
Event: 18.473 GC heap after
Heap after GC invocations=13 (full 2):
 PSYoungGen      total 140288K, used 12261K [0x00000000e0000000, 0x00000000ec380000, 0x0000000100000000)
  eden space 128000K, 0% used [0x00000000e0000000,0x00000000e0000000,0x00000000e7d00000)
  from space 12288K, 99% used [0x00000000e7d00000,0x00000000e88f95c8,0x00000000e8900000)
  to   space 15872K, 0% used [0x00000000eb400000,0x00000000eb400000,0x00000000ec380000)
 ParOldGen       total 47104K, used 23259K [0x00000000a0000000, 0x00000000a2e00000, 0x00000000e0000000)
  object space 47104K, 49% used [0x00000000a0000000,0x00000000a16b6cc0,0x00000000a2e00000)
 Metaspace       used 46658K, capacity 47739K, committed 47912K, reserved 1091584K
  class space    used 6365K, capacity 6664K, committed 6704K, reserved 1048576K
}
Event: 21.465 GC heap before
{Heap before GC invocations=14 (full 2):
 PSYoungGen      total 140288K, used 129406K [0x00000000e0000000, 0x00000000ec380000, 0x0000000100000000)
  eden space 128000K, 91% used [0x00000000e0000000,0x00000000e7266420,0x00000000e7d00000)
  from space 12288K, 99% used [0x00000000e7d00000,0x00000000e88f95c8,0x00000000e8900000)
  to   space 15872K, 0% used [0x00000000eb400000,0x00000000eb400000,0x00000000ec380000)
 ParOldGen       total 47104K, used 23259K [0x00000000a0000000, 0x00000000a2e00000, 0x00000000e0000000)
  object space 47104K, 49% used [0x00000000a0000000,0x00000000a16b6cc0,0x00000000a2e00000)
 Metaspace       used 57539K, capacity 59105K, committed 59160K, reserved 1099776K
  class space    used 7833K, capacity 8238K, committed 8240K, reserved 1048576K
Event: 21.554 GC heap after
Heap after GC invocations=14 (full 2):
 PSYoungGen      total 183296K, used 12103K [0x00000000e0000000, 0x00000000ec600000, 0x0000000100000000)
  eden space 167424K, 0% used [0x00000000e0000000,0x00000000e0000000,0x00000000ea380000)
  from space 15872K, 76% used [0x00000000eb400000,0x00000000ebfd1dd8,0x00000000ec380000)
  to   space 16896K, 0% used [0x00000000ea380000,0x00000000ea380000,0x00000000eb400000)
 ParOldGen       total 47104K, used 31213K [0x00000000a0000000, 0x00000000a2e00000, 0x00000000e0000000)
  object space 47104K, 66% used [0x00000000a0000000,0x00000000a1e7b578,0x00000000a2e00000)
 Metaspace       used 57539K, capacity 59105K, committed 59160K, reserved 1099776K
  class space    used 7833K, capacity 8238K, committed 8240K, reserved 1048576K
}
Event: 21.554 GC heap before
{Heap before GC invocations=15 (full 3):
 PSYoungGen      total 183296K, used 12103K [0x00000000e0000000, 0x00000000ec600000, 0x0000000100000000)
  eden space 167424K, 0% used [0x00000000e0000000,0x00000000e0000000,0x00000000ea380000)
  from space 15872K, 76% used [0x00000000eb400000,0x00000000ebfd1dd8,0x00000000ec380000)
  to   space 16896K, 0% used [0x00000000ea380000,0x00000000ea380000,0x00000000eb400000)
 ParOldGen       total 47104K, used 31213K [0x00000000a0000000, 0x00000000a2e00000, 0x00000000e0000000)
  object space 47104K, 66% used [0x00000000a0000000,0x00000000a1e7b578,0x00000000a2e00000)
 Metaspace       used 57539K, capacity 59105K, committed 59160K, reserved 1099776K
  class space    used 7833K, capacity 8238K, committed 8240K, reserved 1048576K
Event: 21.832 GC heap after
Heap after GC invocations=15 (full 3):
 PSYoungGen      total 183296K, used 0K [0x00000000e0000000, 0x00000000ec600000, 0x0000000100000000)
  eden space 167424K, 0% used [0x00000000e0000000,0x00000000e0000000,0x00000000ea380000)
  from space 15872K, 0% used [0x00000000eb400000,0x00000000eb400000,0x00000000ec380000)
  to   space 16896K, 0% used [0x00000000ea380000,0x00000000ea380000,0x00000000eb400000)
 ParOldGen       total 72704K, used 33978K [0x00000000a0000000, 0x00000000a4700000, 0x00000000e0000000)
  object space 72704K, 46% used [0x00000000a0000000,0x00000000a212eab8,0x00000000a4700000)
 Metaspace       used 57539K, capacity 59105K, committed 59160K, reserved 1099776K
  class space    used 7833K, capacity 8238K, committed 8240K, reserved 1048576K
}
Event: 28.746 GC heap before
{Heap before GC invocations=16 (full 3):
 PSYoungGen      total 183296K, used 167424K [0x00000000e0000000, 0x00000000ec600000, 0x0000000100000000)
  eden space 167424K, 100% used [0x00000000e0000000,0x00000000ea380000,0x00000000ea380000)
  from space 15872K, 0% used [0x00000000eb400000,0x00000000eb400000,0x00000000ec380000)
  to   space 16896K, 0% used [0x00000000ea380000,0x00000000ea380000,0x00000000eb400000)
 ParOldGen       total 72704K, used 33978K [0x00000000a0000000, 0x00000000a4700000, 0x00000000e0000000)
  object space 72704K, 46% used [0x00000000a0000000,0x00000000a212eab8,0x00000000a4700000)
 Metaspace       used 65340K, capacity 67295K, committed 67496K, reserved 1107968K
  class space    used 8853K, capacity 9298K, committed 9392K, reserved 1048576K
Event: 28.785 GC heap after
Heap after GC invocations=16 (full 3):
 PSYoungGen      total 184320K, used 13152K [0x00000000e0000000, 0x00000000ef180000, 0x0000000100000000)
  eden space 167424K, 0% used [0x00000000e0000000,0x00000000e0000000,0x00000000ea380000)
  from space 16896K, 77% used [0x00000000ea380000,0x00000000eb058110,0x00000000eb400000)
  to   space 18432K, 0% used [0x00000000edf80000,0x00000000edf80000,0x00000000ef180000)
 ParOldGen       total 72704K, used 33994K [0x00000000a0000000, 0x00000000a4700000, 0x00000000e0000000)
  object space 72704K, 46% used [0x00000000a0000000,0x00000000a2132ab8,0x00000000a4700000)
 Metaspace       used 65340K, capacity 67295K, committed 67496K, reserved 1107968K
  class space    used 8853K, capacity 9298K, committed 9392K, reserved 1048576K
}
Event: 648.107 GC heap before
{Heap before GC invocations=17 (full 3):
 PSYoungGen      total 184320K, used 180576K [0x00000000e0000000, 0x00000000ef180000, 0x0000000100000000)
  eden space 167424K, 100% used [0x00000000e0000000,0x00000000ea380000,0x00000000ea380000)
  from space 16896K, 77% used [0x00000000ea380000,0x00000000eb058110,0x00000000eb400000)
  to   space 18432K, 0% used [0x00000000edf80000,0x00000000edf80000,0x00000000ef180000)
 ParOldGen       total 72704K, used 33994K [0x00000000a0000000, 0x00000000a4700000, 0x00000000e0000000)
  object space 72704K, 46% used [0x00000000a0000000,0x00000000a2132ab8,0x00000000a4700000)
 Metaspace       used 72335K, capacity 74819K, committed 74920K, reserved 1114112K
  class space    used 9526K, capacity 10086K, committed 10160K, reserved 1048576K
Event: 648.462 GC heap after
Heap after GC invocations=17 (full 3):
 PSYoungGen      total 222208K, used 18420K [0x00000000e0000000, 0x00000000ef180000, 0x0000000100000000)
  eden space 203776K, 0% used [0x00000000e0000000,0x00000000e0000000,0x00000000ec700000)
  from space 18432K, 99% used [0x00000000edf80000,0x00000000ef17d110,0x00000000ef180000)
  to   space 21504K, 0% used [0x00000000ec780000,0x00000000ec780000,0x00000000edc80000)
 ParOldGen       total 72704K, used 35287K [0x00000000a0000000, 0x00000000a4700000, 0x00000000e0000000)
  object space 72704K, 48% used [0x00000000a0000000,0x00000000a2275d70,0x00000000a4700000)
 Metaspace       used 72335K, capacity 74819K, committed 74920K, reserved 1114112K
  class space    used 9526K, capacity 10086K, committed 10160K, reserved 1048576K
}
Event: 658.705 GC heap before
{Heap before GC invocations=18 (full 3):
 PSYoungGen      total 222208K, used 222196K [0x00000000e0000000, 0x00000000ef180000, 0x0000000100000000)
  eden space 203776K, 100% used [0x00000000e0000000,0x00000000ec700000,0x00000000ec700000)
  from space 18432K, 99% used [0x00000000edf80000,0x00000000ef17d110,0x00000000ef180000)
  to   space 21504K, 0% used [0x00000000ec780000,0x00000000ec780000,0x00000000edc80000)
 ParOldGen       total 72704K, used 35287K [0x00000000a0000000, 0x00000000a4700000, 0x00000000e0000000)
  object space 72704K, 48% used [0x00000000a0000000,0x00000000a2275d70,0x00000000a4700000)
 Metaspace       used 76546K, capacity 79123K, committed 79400K, reserved 1118208K
  class space    used 9927K, capacity 10498K, committed 10544K, reserved 1048576K

