# JRE version: OpenJDK Runtime Environment (8.0_152) (build 1.8.0_152-release-1343-b16-5323222)
# Java VM: OpenJDK 64-Bit Server VM (25.152-b16-5323222 mixed mode linux-amd64 compressed oops)
Heap:
 PSYoungGen      total 329216K, used 52339K [0x00000000e0000000, 0x00000000f6300000, 0x0000000100000000)
  eden space 301056K, 10% used [0x00000000e0000000,0x00000000e1e5b2d0,0x00000000f2600000)
  from space 28160K, 75% used [0x00000000f4780000,0x00000000f5c41b28,0x00000000f6300000)
  to   space 31232K, 0% used [0x00000000f2600000,0x00000000f2600000,0x00000000f4480000)
 ParOldGen       total 86528K, used 71097K [0x00000000a0000000, 0x00000000a5480000, 0x00000000e0000000)
  object space 86528K, 82% used [0x00000000a0000000,0x00000000a456e5b8,0x00000000a5480000)
 Metaspace       used 89200K, capacity 92696K, committed 92952K, reserved 1130496K
  class space    used 11327K, capacity 11994K, committed 12072K, reserved 1048576K
GC Heap History (10 events):
Event: 296.440 GC heap before
{Heap before GC invocations=17 (full 3):
 PSYoungGen      total 231424K, used 226849K [0x00000000e0000000, 0x00000000f2300000, 0x0000000100000000)
  eden space 210944K, 100% used [0x00000000e0000000,0x00000000ece00000,0x00000000ece00000)
  from space 20480K, 77% used [0x00000000ece00000,0x00000000edd885d0,0x00000000ee200000)
  to   space 22016K, 0% used [0x00000000f0d80000,0x00000000f0d80000,0x00000000f2300000)
 ParOldGen       total 86528K, used 53699K [0x00000000a0000000, 0x00000000a5480000, 0x00000000e0000000)
  object space 86528K, 62% used [0x00000000a0000000,0x00000000a3470fb0,0x00000000a5480000)
 Metaspace       used 85725K, capacity 88834K, committed 88984K, reserved 1126400K
  class space    used 11248K, capacity 11885K, committed 11944K, reserved 1048576K
Event: 296.645 GC heap after
Heap after GC invocations=17 (full 3):
 PSYoungGen      total 264192K, used 17542K [0x00000000e0000000, 0x00000000f1f00000, 0x0000000100000000)
  eden space 246272K, 0% used [0x00000000e0000000,0x00000000e0000000,0x00000000ef080000)
  from space 17920K, 97% used [0x00000000f0d80000,0x00000000f1ea1898,0x00000000f1f00000)
  to   space 23552K, 0% used [0x00000000ef100000,0x00000000ef100000,0x00000000f0800000)
 ParOldGen       total 86528K, used 53707K [0x00000000a0000000, 0x00000000a5480000, 0x00000000e0000000)
  object space 86528K, 62% used [0x00000000a0000000,0x00000000a3472fb0,0x00000000a5480000)
 Metaspace       used 85725K, capacity 88834K, committed 88984K, reserved 1126400K
  class space    used 11248K, capacity 11885K, committed 11944K, reserved 1048576K
}
Event: 469.795 GC heap before
{Heap before GC invocations=18 (full 3):
 PSYoungGen      total 264192K, used 263814K [0x00000000e0000000, 0x00000000f1f00000, 0x0000000100000000)
  eden space 246272K, 100% used [0x00000000e0000000,0x00000000ef080000,0x00000000ef080000)
  from space 17920K, 97% used [0x00000000f0d80000,0x00000000f1ea1898,0x00000000f1f00000)
  to   space 23552K, 0% used [0x00000000ef100000,0x00000000ef100000,0x00000000f0800000)
 ParOldGen       total 86528K, used 53707K [0x00000000a0000000, 0x00000000a5480000, 0x00000000e0000000)
  object space 86528K, 62% used [0x00000000a0000000,0x00000000a3472fb0,0x00000000a5480000)
 Metaspace       used 86707K, capacity 90002K, committed 90264K, reserved 1128448K
  class space    used 11268K, capacity 11907K, committed 11944K, reserved 1048576K
Event: 469.888 GC heap after
Heap after GC invocations=18 (full 3):
 PSYoungGen      total 270336K, used 23541K [0x00000000e0000000, 0x00000000f4e80000, 0x0000000100000000)
  eden space 246784K, 0% used [0x00000000e0000000,0x00000000e0000000,0x00000000ef100000)
  from space 23552K, 99% used [0x00000000ef100000,0x00000000f07fd728,0x00000000f0800000)
  to   space 31232K, 0% used [0x00000000f3000000,0x00000000f3000000,0x00000000f4e80000)
 ParOldGen       total 86528K, used 63837K [0x00000000a0000000, 0x00000000a5480000, 0x00000000e0000000)
  object space 86528K, 73% used [0x00000000a0000000,0x00000000a3e57680,0x00000000a5480000)
 Metaspace       used 86707K, capacity 90002K, committed 90264K, reserved 1128448K
  class space    used 11268K, capacity 11907K, committed 11944K, reserved 1048576K
}
Event: 477.523 GC heap before
{Heap before GC invocations=19 (full 3):
 PSYoungGen      total 270336K, used 270325K [0x00000000e0000000, 0x00000000f4e80000, 0x0000000100000000)
  eden space 246784K, 100% used [0x00000000e0000000,0x00000000ef100000,0x00000000ef100000)
  from space 23552K, 99% used [0x00000000ef100000,0x00000000f07fd728,0x00000000f0800000)
  to   space 31232K, 0% used [0x00000000f3000000,0x00000000f3000000,0x00000000f4e80000)
 ParOldGen       total 86528K, used 63837K [0x00000000a0000000, 0x00000000a5480000, 0x00000000e0000000)
  object space 86528K, 73% used [0x00000000a0000000,0x00000000a3e57680,0x00000000a5480000)
 Metaspace       used 87519K, capacity 90848K, committed 91032K, reserved 1128448K
  class space    used 11281K, capacity 11924K, committed 11944K, reserved 1048576K
Event: 477.746 GC heap after
Heap after GC invocations=19 (full 3):
 PSYoungGen      total 312320K, used 14962K [0x00000000e0000000, 0x00000000f5380000, 0x0000000100000000)
  eden space 281088K, 0% used [0x00000000e0000000,0x00000000e0000000,0x00000000f1280000)
  from space 31232K, 47% used [0x00000000f3000000,0x00000000f3e9c8e8,0x00000000f4e80000)
  to   space 30208K, 0% used [0x00000000f1280000,0x00000000f1280000,0x00000000f3000000)
 ParOldGen       total 86528K, used 71081K [0x00000000a0000000, 0x00000000a5480000, 0x00000000e0000000)
  object space 86528K, 82% used [0x00000000a0000000,0x00000000a456a5b8,0x00000000a5480000)
 Metaspace       used 87519K, capacity 90848K, committed 91032K, reserved 1128448K
  class space    used 11281K, capacity 11924K, committed 11944K, reserved 1048576K
}
Event: 1751.532 GC heap before
{Heap before GC invocations=20 (full 3):
 PSYoungGen      total 312320K, used 296050K [0x00000000e0000000, 0x00000000f5380000, 0x0000000100000000)
  eden space 281088K, 100% used [0x00000000e0000000,0x00000000f1280000,0x00000000f1280000)
  from space 31232K, 47% used [0x00000000f3000000,0x00000000f3e9c8e8,0x00000000f4e80000)
  to   space 30208K, 0% used [0x00000000f1280000,0x00000000f1280000,0x00000000f3000000)
 ParOldGen       total 86528K, used 71081K [0x00000000a0000000, 0x00000000a5480000, 0x00000000e0000000)
  object space 86528K, 82% used [0x00000000a0000000,0x00000000a456a5b8,0x00000000a5480000)
 Metaspace       used 88310K, capacity 91634K, committed 91800K, reserved 1128448K
  class space    used 11295K, capacity 11935K, committed 11944K, reserved 1048576K
Event: 1751.680 GC heap after
Heap after GC invocations=20 (full 3):
 PSYoungGen      total 311296K, used 16092K [0x00000000e0000000, 0x00000000f6480000, 0x0000000100000000)
  eden space 281088K, 0% used [0x00000000e0000000,0x00000000e0000000,0x00000000f1280000)
  from space 30208K, 53% used [0x00000000f1280000,0x00000000f22372a0,0x00000000f3000000)
  to   space 29696K, 0% used [0x00000000f4780000,0x00000000f4780000,0x00000000f6480000)
 ParOldGen       total 86528K, used 71089K [0x00000000a0000000, 0x00000000a5480000, 0x00000000e0000000)
  object space 86528K, 82% used [0x00000000a0000000,0x00000000a456c5b8,0x00000000a5480000)
 Metaspace       used 88310K, capacity 91634K, committed 91800K, reserved 1128448K
  class space    used 11295K, capacity 11935K, committed 11944K, reserved 1048576K
}
Event: 2238.390 GC heap before
{Heap before GC invocations=21 (full 3):
 PSYoungGen      total 311296K, used 297180K [0x00000000e0000000, 0x00000000f6480000, 0x0000000100000000)
  eden space 281088K, 100% used [0x00000000e0000000,0x00000000f1280000,0x00000000f1280000)
  from space 30208K, 53% used [0x00000000f1280000,0x00000000f22372a0,0x00000000f3000000)
  to   space 29696K, 0% used [0x00000000f4780000,0x00000000f4780000,0x00000000f6480000)
 ParOldGen       total 86528K, used 71089K [0x00000000a0000000, 0x00000000a5480000, 0x00000000e0000000)
  object space 86528K, 82% used [0x00000000a0000000,0x00000000a456c5b8,0x00000000a5480000)
 Metaspace       used 89062K, capacity 92576K, committed 92696K, reserved 1130496K
  class space    used 11308K, capacity 11958K, committed 12072K, reserved 1048576K
Event: 2238.729 GC heap after
Heap after GC invocations=21 (full 3):
 PSYoungGen      total 329216K, used 21254K [0x00000000e0000000, 0x00000000f6300000, 0x0000000100000000)
  eden space 301056K, 0% used [0x00000000e0000000,0x00000000e0000000,0x00000000f2600000)
  from space 28160K, 75% used [0x00000000f4780000,0x00000000f5c41b28,0x00000000f6300000)
  to   space 31232K, 0% used [0x00000000f2600000,0x00000000f2600000,0x00000000f4480000)
 ParOldGen       total 86528K, used 71097K [0x00000000a0000000, 0x00000000a5480000, 0x00000000e0000000)
  object space 86528K, 82% used [0x00000000a0000000,0x00000000a456e5b8,0x00000000a5480000)
 Metaspace       used 89062K, capacity 92576K, committed 92696K, reserved 1130496K
  class space    used 11308K, capacity 11958K, committed 12072K, reserved 1048576K
}

