# JRE version: OpenJDK Runtime Environment (8.0_152) (build 1.8.0_152-release-1343-b16-5323222)
# Java VM: OpenJDK 64-Bit Server VM (25.152-b16-5323222 mixed mode linux-amd64 compressed oops)
Heap:
 PSYoungGen      total 189440K, used 52799K [0x00000000e0000000, 0x00000000ec700000, 0x0000000100000000)
  eden space 179200K, 29% used [0x00000000e0000000,0x00000000e338fc60,0x00000000eaf00000)
  from space 10240K, 0% used [0x00000000eb100000,0x00000000eb100000,0x00000000ebb00000)
  to   space 12288K, 0% used [0x00000000ebb00000,0x00000000ebb00000,0x00000000ec700000)
 ParOldGen       total 50688K, used 18196K [0x00000000a0000000, 0x00000000a3180000, 0x00000000e0000000)
  object space 50688K, 35% used [0x00000000a0000000,0x00000000a11c5350,0x00000000a3180000)
 Metaspace       used 37565K, capacity 38258K, committed 38440K, reserved 1083392K
  class space    used 5112K, capacity 5348K, committed 5416K, reserved 1048576K
GC Heap History (10 events):
Event: 5.432 GC heap before
{Heap before GC invocations=7 (full 0):
 PSYoungGen      total 99840K, used 14915K [0x00000000e0000000, 0x00000000e6d00000, 0x0000000100000000)
  eden space 92672K, 8% used [0x00000000e0000000,0x00000000e0792a58,0x00000000e5a80000)
  from space 7168K, 99% used [0x00000000e6300000,0x00000000e69fe4f8,0x00000000e6a00000)
  to   space 8704K, 0% used [0x00000000e5a80000,0x00000000e5a80000,0x00000000e6300000)
 ParOldGen       total 30208K, used 11549K [0x00000000a0000000, 0x00000000a1d80000, 0x00000000e0000000)
  object space 30208K, 38% used [0x00000000a0000000,0x00000000a0b47718,0x00000000a1d80000)
 Metaspace       used 20628K, capacity 21078K, committed 21296K, reserved 1067008K
  class space    used 2901K, capacity 3092K, committed 3200K, reserved 1048576K
Event: 5.453 GC heap after
Heap after GC invocations=7 (full 0):
 PSYoungGen      total 101376K, used 3946K [0x00000000e0000000, 0x00000000ec500000, 0x0000000100000000)
  eden space 92672K, 0% used [0x00000000e0000000,0x00000000e0000000,0x00000000e5a80000)
  from space 8704K, 45% used [0x00000000e5a80000,0x00000000e5e5aa30,0x00000000e6300000)
  to   space 8192K, 0% used [0x00000000ebd00000,0x00000000ebd00000,0x00000000ec500000)
 ParOldGen       total 30208K, used 12234K [0x00000000a0000000, 0x00000000a1d80000, 0x00000000e0000000)
  object space 30208K, 40% used [0x00000000a0000000,0x00000000a0bf2b70,0x00000000a1d80000)
 Metaspace       used 20628K, capacity 21078K, committed 21296K, reserved 1067008K
  class space    used 2901K, capacity 3092K, committed 3200K, reserved 1048576K
}
Event: 5.453 GC heap before
{Heap before GC invocations=8 (full 1):
 PSYoungGen      total 101376K, used 3946K [0x00000000e0000000, 0x00000000ec500000, 0x0000000100000000)
  eden space 92672K, 0% used [0x00000000e0000000,0x00000000e0000000,0x00000000e5a80000)
  from space 8704K, 45% used [0x00000000e5a80000,0x00000000e5e5aa30,0x00000000e6300000)
  to   space 8192K, 0% used [0x00000000ebd00000,0x00000000ebd00000,0x00000000ec500000)
 ParOldGen       total 30208K, used 12234K [0x00000000a0000000, 0x00000000a1d80000, 0x00000000e0000000)
  object space 30208K, 40% used [0x00000000a0000000,0x00000000a0bf2b70,0x00000000a1d80000)
 Metaspace       used 20628K, capacity 21078K, committed 21296K, reserved 1067008K
  class space    used 2901K, capacity 3092K, committed 3200K, reserved 1048576K
Event: 5.619 GC heap after
Heap after GC invocations=8 (full 1):
 PSYoungGen      total 101376K, used 0K [0x00000000e0000000, 0x00000000ec500000, 0x0000000100000000)
  eden space 92672K, 0% used [0x00000000e0000000,0x00000000e0000000,0x00000000e5a80000)
  from space 8704K, 0% used [0x00000000e5a80000,0x00000000e5a80000,0x00000000e6300000)
  to   space 8192K, 0% used [0x00000000ebd00000,0x00000000ebd00000,0x00000000ec500000)
 ParOldGen       total 34816K, used 12316K [0x00000000a0000000, 0x00000000a2200000, 0x00000000e0000000)
  object space 34816K, 35% used [0x00000000a0000000,0x00000000a0c07308,0x00000000a2200000)
 Metaspace       used 20628K, capacity 21078K, committed 21296K, reserved 1067008K
  class space    used 2901K, capacity 3092K, committed 3200K, reserved 1048576K
}
Event: 9.073 GC heap before
{Heap before GC invocations=9 (full 1):
 PSYoungGen      total 101376K, used 92672K [0x00000000e0000000, 0x00000000ec500000, 0x0000000100000000)
  eden space 92672K, 100% used [0x00000000e0000000,0x00000000e5a80000,0x00000000e5a80000)
  from space 8704K, 0% used [0x00000000e5a80000,0x00000000e5a80000,0x00000000e6300000)
  to   space 8192K, 0% used [0x00000000ebd00000,0x00000000ebd00000,0x00000000ec500000)
 ParOldGen       total 34816K, used 12316K [0x00000000a0000000, 0x00000000a2200000, 0x00000000e0000000)
  object space 34816K, 35% used [0x00000000a0000000,0x00000000a0c07308,0x00000000a2200000)
 Metaspace       used 29315K, capacity 29840K, committed 30208K, reserved 1075200K
  class space    used 4051K, capacity 4275K, committed 4352K, reserved 1048576K
Event: 9.116 GC heap after
Heap after GC invocations=9 (full 1):
 PSYoungGen      total 145920K, used 8189K [0x00000000e0000000, 0x00000000ec500000, 0x0000000100000000)
  eden space 137728K, 0% used [0x00000000e0000000,0x00000000e0000000,0x00000000e8680000)
  from space 8192K, 99% used [0x00000000ebd00000,0x00000000ec4ff4d8,0x00000000ec500000)
  to   space 10240K, 0% used [0x00000000eb100000,0x00000000eb100000,0x00000000ebb00000)
 ParOldGen       total 34816K, used 13643K [0x00000000a0000000, 0x00000000a2200000, 0x00000000e0000000)
  object space 34816K, 39% used [0x00000000a0000000,0x00000000a0d52f88,0x00000000a2200000)
 Metaspace       used 29315K, capacity 29840K, committed 30208K, reserved 1075200K
  class space    used 4051K, capacity 4275K, committed 4352K, reserved 1048576K
}
Event: 12.116 GC heap before
{Heap before GC invocations=10 (full 1):
 PSYoungGen      total 145920K, used 88581K [0x00000000e0000000, 0x00000000ec500000, 0x0000000100000000)
  eden space 137728K, 58% used [0x00000000e0000000,0x00000000e4e82120,0x00000000e8680000)
  from space 8192K, 99% used [0x00000000ebd00000,0x00000000ec4ff4d8,0x00000000ec500000)
  to   space 10240K, 0% used [0x00000000eb100000,0x00000000eb100000,0x00000000ebb00000)
 ParOldGen       total 34816K, used 13643K [0x00000000a0000000, 0x00000000a2200000, 0x00000000e0000000)
  object space 34816K, 39% used [0x00000000a0000000,0x00000000a0d52f88,0x00000000a2200000)
 Metaspace       used 34802K, capacity 35418K, committed 35496K, reserved 1079296K
  class space    used 4793K, capacity 5024K, committed 5032K, reserved 1048576K
Event: 12.225 GC heap after
Heap after GC invocations=10 (full 1):
 PSYoungGen      total 189440K, used 10210K [0x00000000e0000000, 0x00000000ec700000, 0x0000000100000000)
  eden space 179200K, 0% used [0x00000000e0000000,0x00000000e0000000,0x00000000eaf00000)
  from space 10240K, 99% used [0x00000000eb100000,0x00000000ebaf89d0,0x00000000ebb00000)
  to   space 12288K, 0% used [0x00000000ebb00000,0x00000000ebb00000,0x00000000ec700000)
 ParOldGen       total 34816K, used 15027K [0x00000000a0000000, 0x00000000a2200000, 0x00000000e0000000)
  object space 34816K, 43% used [0x00000000a0000000,0x00000000a0eacc48,0x00000000a2200000)
 Metaspace       used 34802K, capacity 35418K, committed 35496K, reserved 1079296K
  class space    used 4793K, capacity 5024K, committed 5032K, reserved 1048576K
}
Event: 12.225 GC heap before
{Heap before GC invocations=11 (full 2):
 PSYoungGen      total 189440K, used 10210K [0x00000000e0000000, 0x00000000ec700000, 0x0000000100000000)
  eden space 179200K, 0% used [0x00000000e0000000,0x00000000e0000000,0x00000000eaf00000)
  from space 10240K, 99% used [0x00000000eb100000,0x00000000ebaf89d0,0x00000000ebb00000)
  to   space 12288K, 0% used [0x00000000ebb00000,0x00000000ebb00000,0x00000000ec700000)
 ParOldGen       total 34816K, used 15027K [0x00000000a0000000, 0x00000000a2200000, 0x00000000e0000000)
  object space 34816K, 43% used [0x00000000a0000000,0x00000000a0eacc48,0x00000000a2200000)
 Metaspace       used 34802K, capacity 35418K, committed 35496K, reserved 1079296K
  class space    used 4793K, capacity 5024K, committed 5032K, reserved 1048576K
Event: 12.600 GC heap after
Heap after GC invocations=11 (full 2):
 PSYoungGen      total 189440K, used 0K [0x00000000e0000000, 0x00000000ec700000, 0x0000000100000000)
  eden space 179200K, 0% used [0x00000000e0000000,0x00000000e0000000,0x00000000eaf00000)
  from space 10240K, 0% used [0x00000000eb100000,0x00000000eb100000,0x00000000ebb00000)
  to   space 12288K, 0% used [0x00000000ebb00000,0x00000000ebb00000,0x00000000ec700000)
 ParOldGen       total 50688K, used 18196K [0x00000000a0000000, 0x00000000a3180000, 0x00000000e0000000)
  object space 50688K, 35% used [0x00000000a0000000,0x00000000a11c5350,0x00000000a3180000)
 Metaspace       used 34801K, capacity 35412K, committed 35496K, reserved 1079296K
  class space    used 4792K, capacity 5023K, committed 5032K, reserved 1048576K
}

