# JRE version: OpenJDK Runtime Environment (8.0_152) (build 1.8.0_152-release-1343-b16-5323222)
# Java VM: OpenJDK 64-Bit Server VM (25.152-b16-5323222 mixed mode linux-amd64 compressed oops)
Heap:
 PSYoungGen      total 191488K, used 99911K [0x00000000e0000000, 0x00000000f1900000, 0x0000000100000000)
  eden space 181248K, 55% used [0x00000000e0000000,0x00000000e6191fe0,0x00000000eb100000)
  from space 10240K, 0% used [0x00000000eb100000,0x00000000eb100000,0x00000000ebb00000)
  to   space 12288K, 0% used [0x00000000f0d00000,0x00000000f0d00000,0x00000000f1900000)
 ParOldGen       total 40960K, used 18247K [0x00000000a0000000, 0x00000000a2800000, 0x00000000e0000000)
  object space 40960K, 44% used [0x00000000a0000000,0x00000000a11d1e58,0x00000000a2800000)
 Metaspace       used 37523K, capacity 38168K, committed 38440K, reserved 1083392K
  class space    used 5110K, capacity 5317K, committed 5424K, reserved 1048576K
GC Heap History (10 events):
Event: 9.805 GC heap before
{Heap before GC invocations=7 (full 0):
 PSYoungGen      total 99840K, used 11649K [0x00000000e0000000, 0x00000000e6d00000, 0x0000000100000000)
  eden space 92672K, 4% used [0x00000000e0000000,0x00000000e0462ff8,0x00000000e5a80000)
  from space 7168K, 99% used [0x00000000e6300000,0x00000000e69fd7a0,0x00000000e6a00000)
  to   space 8704K, 0% used [0x00000000e5a80000,0x00000000e5a80000,0x00000000e6300000)
 ParOldGen       total 30208K, used 11644K [0x00000000a0000000, 0x00000000a1d80000, 0x00000000e0000000)
  object space 30208K, 38% used [0x00000000a0000000,0x00000000a0b5f250,0x00000000a1d80000)
 Metaspace       used 20749K, capacity 21206K, committed 21296K, reserved 1067008K
  class space    used 2901K, capacity 3092K, committed 3120K, reserved 1048576K
Event: 9.853 GC heap after
Heap after GC invocations=7 (full 0):
 PSYoungGen      total 101376K, used 4060K [0x00000000e0000000, 0x00000000ec500000, 0x0000000100000000)
  eden space 92672K, 0% used [0x00000000e0000000,0x00000000e0000000,0x00000000e5a80000)
  from space 8704K, 46% used [0x00000000e5a80000,0x00000000e5e77318,0x00000000e6300000)
  to   space 8192K, 0% used [0x00000000ebd00000,0x00000000ebd00000,0x00000000ec500000)
 ParOldGen       total 30208K, used 12092K [0x00000000a0000000, 0x00000000a1d80000, 0x00000000e0000000)
  object space 30208K, 40% used [0x00000000a0000000,0x00000000a0bcf290,0x00000000a1d80000)
 Metaspace       used 20749K, capacity 21206K, committed 21296K, reserved 1067008K
  class space    used 2901K, capacity 3092K, committed 3120K, reserved 1048576K
}
Event: 9.853 GC heap before
{Heap before GC invocations=8 (full 1):
 PSYoungGen      total 101376K, used 4060K [0x00000000e0000000, 0x00000000ec500000, 0x0000000100000000)
  eden space 92672K, 0% used [0x00000000e0000000,0x00000000e0000000,0x00000000e5a80000)
  from space 8704K, 46% used [0x00000000e5a80000,0x00000000e5e77318,0x00000000e6300000)
  to   space 8192K, 0% used [0x00000000ebd00000,0x00000000ebd00000,0x00000000ec500000)
 ParOldGen       total 30208K, used 12092K [0x00000000a0000000, 0x00000000a1d80000, 0x00000000e0000000)
  object space 30208K, 40% used [0x00000000a0000000,0x00000000a0bcf290,0x00000000a1d80000)
 Metaspace       used 20749K, capacity 21206K, committed 21296K, reserved 1067008K
  class space    used 2901K, capacity 3092K, committed 3120K, reserved 1048576K
Event: 9.975 GC heap after
Heap after GC invocations=8 (full 1):
 PSYoungGen      total 101376K, used 0K [0x00000000e0000000, 0x00000000ec500000, 0x0000000100000000)
  eden space 92672K, 0% used [0x00000000e0000000,0x00000000e0000000,0x00000000e5a80000)
  from space 8704K, 0% used [0x00000000e5a80000,0x00000000e5a80000,0x00000000e6300000)
  to   space 8192K, 0% used [0x00000000ebd00000,0x00000000ebd00000,0x00000000ec500000)
 ParOldGen       total 26624K, used 7825K [0x00000000a0000000, 0x00000000a1a00000, 0x00000000e0000000)
  object space 26624K, 29% used [0x00000000a0000000,0x00000000a07a44f0,0x00000000a1a00000)
 Metaspace       used 20749K, capacity 21206K, committed 21296K, reserved 1067008K
  class space    used 2901K, capacity 3092K, committed 3120K, reserved 1048576K
}
Event: 12.800 GC heap before
{Heap before GC invocations=9 (full 1):
 PSYoungGen      total 101376K, used 92672K [0x00000000e0000000, 0x00000000ec500000, 0x0000000100000000)
  eden space 92672K, 100% used [0x00000000e0000000,0x00000000e5a80000,0x00000000e5a80000)
  from space 8704K, 0% used [0x00000000e5a80000,0x00000000e5a80000,0x00000000e6300000)
  to   space 8192K, 0% used [0x00000000ebd00000,0x00000000ebd00000,0x00000000ec500000)
 ParOldGen       total 26624K, used 7825K [0x00000000a0000000, 0x00000000a1a00000, 0x00000000e0000000)
  object space 26624K, 29% used [0x00000000a0000000,0x00000000a07a44f0,0x00000000a1a00000)
 Metaspace       used 29199K, capacity 29776K, committed 30000K, reserved 1075200K
  class space    used 4050K, capacity 4275K, committed 4400K, reserved 1048576K
Event: 12.902 GC heap after
Heap after GC invocations=9 (full 1):
 PSYoungGen      total 182272K, used 8190K [0x00000000e0000000, 0x00000000ec500000, 0x0000000100000000)
  eden space 174080K, 0% used [0x00000000e0000000,0x00000000e0000000,0x00000000eaa00000)
  from space 8192K, 99% used [0x00000000ebd00000,0x00000000ec4ffb30,0x00000000ec500000)
  to   space 10240K, 0% used [0x00000000eb100000,0x00000000eb100000,0x00000000ebb00000)
 ParOldGen       total 26624K, used 9270K [0x00000000a0000000, 0x00000000a1a00000, 0x00000000e0000000)
  object space 26624K, 34% used [0x00000000a0000000,0x00000000a090d960,0x00000000a1a00000)
 Metaspace       used 29199K, capacity 29776K, committed 30000K, reserved 1075200K
  class space    used 4050K, capacity 4275K, committed 4400K, reserved 1048576K
}
Event: 16.246 GC heap before
{Heap before GC invocations=10 (full 1):
 PSYoungGen      total 182272K, used 87861K [0x00000000e0000000, 0x00000000ec500000, 0x0000000100000000)
  eden space 174080K, 45% used [0x00000000e0000000,0x00000000e4dcdac0,0x00000000eaa00000)
  from space 8192K, 99% used [0x00000000ebd00000,0x00000000ec4ffb30,0x00000000ec500000)
  to   space 10240K, 0% used [0x00000000eb100000,0x00000000eb100000,0x00000000ebb00000)
 ParOldGen       total 26624K, used 9270K [0x00000000a0000000, 0x00000000a1a00000, 0x00000000e0000000)
  object space 26624K, 34% used [0x00000000a0000000,0x00000000a090d960,0x00000000a1a00000)
 Metaspace       used 34718K, capacity 35414K, committed 35496K, reserved 1079296K
  class space    used 4782K, capacity 4995K, committed 5040K, reserved 1048576K
Event: 16.342 GC heap after
Heap after GC invocations=10 (full 1):
 PSYoungGen      total 191488K, used 10213K [0x00000000e0000000, 0x00000000f1900000, 0x0000000100000000)
  eden space 181248K, 0% used [0x00000000e0000000,0x00000000e0000000,0x00000000eb100000)
  from space 10240K, 99% used [0x00000000eb100000,0x00000000ebaf96e0,0x00000000ebb00000)
  to   space 12288K, 0% used [0x00000000f0d00000,0x00000000f0d00000,0x00000000f1900000)
 ParOldGen       total 26624K, used 10772K [0x00000000a0000000, 0x00000000a1a00000, 0x00000000e0000000)
  object space 26624K, 40% used [0x00000000a0000000,0x00000000a0a85078,0x00000000a1a00000)
 Metaspace       used 34718K, capacity 35414K, committed 35496K, reserved 1079296K
  class space    used 4782K, capacity 4995K, committed 5040K, reserved 1048576K
}
Event: 16.342 GC heap before
{Heap before GC invocations=11 (full 2):
 PSYoungGen      total 191488K, used 10213K [0x00000000e0000000, 0x00000000f1900000, 0x0000000100000000)
  eden space 181248K, 0% used [0x00000000e0000000,0x00000000e0000000,0x00000000eb100000)
  from space 10240K, 99% used [0x00000000eb100000,0x00000000ebaf96e0,0x00000000ebb00000)
  to   space 12288K, 0% used [0x00000000f0d00000,0x00000000f0d00000,0x00000000f1900000)
 ParOldGen       total 26624K, used 10772K [0x00000000a0000000, 0x00000000a1a00000, 0x00000000e0000000)
  object space 26624K, 40% used [0x00000000a0000000,0x00000000a0a85078,0x00000000a1a00000)
 Metaspace       used 34718K, capacity 35414K, committed 35496K, reserved 1079296K
  class space    used 4782K, capacity 4995K, committed 5040K, reserved 1048576K
Event: 16.718 GC heap after
Heap after GC invocations=11 (full 2):
 PSYoungGen      total 191488K, used 0K [0x00000000e0000000, 0x00000000f1900000, 0x0000000100000000)
  eden space 181248K, 0% used [0x00000000e0000000,0x00000000e0000000,0x00000000eb100000)
  from space 10240K, 0% used [0x00000000eb100000,0x00000000eb100000,0x00000000ebb00000)
  to   space 12288K, 0% used [0x00000000f0d00000,0x00000000f0d00000,0x00000000f1900000)
 ParOldGen       total 40960K, used 18247K [0x00000000a0000000, 0x00000000a2800000, 0x00000000e0000000)
  object space 40960K, 44% used [0x00000000a0000000,0x00000000a11d1e58,0x00000000a2800000)
 Metaspace       used 34707K, capacity 35378K, committed 35496K, reserved 1079296K
  class space    used 4779K, capacity 4989K, committed 5040K, reserved 1048576K
}

