# JRE version: OpenJDK Runtime Environment (8.0_152-b01) (build 1.8.0_152-release-1248-b01)
# Java VM: OpenJDK 64-Bit Server VM (25.152-b01 mixed mode linux-amd64 compressed oops)
Heap:
 PSYoungGen      total 489472K, used 13453K [0x00000000e0000000, 0x00000000ffd00000, 0x0000000100000000)
  eden space 458752K, 0% used [0x00000000e0000000,0x00000000e0000000,0x00000000fc000000)
  from space 30720K, 43% used [0x00000000fdf00000,0x00000000fec237c8,0x00000000ffd00000)
  to   space 12800K, 0% used [0x00000000fc000000,0x00000000fc000000,0x00000000fcc80000)
 ParOldGen       total 111616K, used 82317K [0x00000000a0000000, 0x00000000a6d00000, 0x00000000e0000000)
  object space 111616K, 73% used [0x00000000a0000000,0x00000000a5063610,0x00000000a6d00000)
 Metaspace       used 90312K, capacity 93794K, committed 94000K, reserved 1130496K
  class space    used 11518K, capacity 12222K, committed 12336K, reserved 1048576K
GC Heap History (10 events):
Event: 48.938 GC heap after
Heap after GC invocations=21 (full 4):
 PSYoungGen      total 366592K, used 5614K [0x00000000e0000000, 0x00000000fe280000, 0x0000000100000000)
  eden space 347136K, 0% used [0x00000000e0000000,0x00000000e0000000,0x00000000f5300000)
  from space 19456K, 28% used [0x00000000f5300000,0x00000000f587b920,0x00000000f6600000)
  to   space 29696K, 0% used [0x00000000fc580000,0x00000000fc580000,0x00000000fe280000)
 ParOldGen       total 111616K, used 64486K [0x00000000a0000000, 0x00000000a6d00000, 0x00000000e0000000)
  object space 111616K, 57% used [0x00000000a0000000,0x00000000a3ef9b20,0x00000000a6d00000)
 Metaspace       used 72376K, capacity 74808K, committed 75440K, reserved 1114112K
  class space    used 9683K, capacity 10231K, committed 10416K, reserved 1048576K
}
Event: 1937.097 GC heap before
{Heap before GC invocations=22 (full 4):
 PSYoungGen      total 366592K, used 351599K [0x00000000e0000000, 0x00000000fe280000, 0x0000000100000000)
  eden space 347136K, 99% used [0x00000000e0000000,0x00000000f51e0450,0x00000000f5300000)
  from space 19456K, 28% used [0x00000000f5300000,0x00000000f587b920,0x00000000f6600000)
  to   space 29696K, 0% used [0x00000000fc580000,0x00000000fc580000,0x00000000fe280000)
 ParOldGen       total 111616K, used 64486K [0x00000000a0000000, 0x00000000a6d00000, 0x00000000e0000000)
  object space 111616K, 57% used [0x00000000a0000000,0x00000000a3ef9b20,0x00000000a6d00000)
 Metaspace       used 79395K, capacity 82374K, committed 82608K, reserved 1120256K
  class space    used 10435K, capacity 11092K, committed 11184K, reserved 1048576K
Event: 1938.070 GC heap after
Heap after GC invocations=22 (full 4):
 PSYoungGen      total 449024K, used 25798K [0x00000000e0000000, 0x00000000fdf00000, 0x0000000100000000)
  eden space 422912K, 0% used [0x00000000e0000000,0x00000000e0000000,0x00000000f9d00000)
  from space 26112K, 98% used [0x00000000fc580000,0x00000000fdeb19c8,0x00000000fdf00000)
  to   space 33792K, 0% used [0x00000000f9d00000,0x00000000f9d00000,0x00000000fbe00000)
 ParOldGen       total 111616K, used 70142K [0x00000000a0000000, 0x00000000a6d00000, 0x00000000e0000000)
  object space 111616K, 62% used [0x00000000a0000000,0x00000000a447fb20,0x00000000a6d00000)
 Metaspace       used 79395K, capacity 82374K, committed 82608K, reserved 1120256K
  class space    used 10435K, capacity 11092K, committed 11184K, reserved 1048576K
}
Event: 1950.240 GC heap before
{Heap before GC invocations=23 (full 4):
 PSYoungGen      total 449024K, used 447769K [0x00000000e0000000, 0x00000000fdf00000, 0x0000000100000000)
  eden space 422912K, 99% used [0x00000000e0000000,0x00000000f9c14c20,0x00000000f9d00000)
  from space 26112K, 98% used [0x00000000fc580000,0x00000000fdeb19c8,0x00000000fdf00000)
  to   space 33792K, 0% used [0x00000000f9d00000,0x00000000f9d00000,0x00000000fbe00000)
 ParOldGen       total 111616K, used 70142K [0x00000000a0000000, 0x00000000a6d00000, 0x00000000e0000000)
  object space 111616K, 62% used [0x00000000a0000000,0x00000000a447fb20,0x00000000a6d00000)
 Metaspace       used 84913K, capacity 88024K, committed 88368K, reserved 1126400K
  class space    used 11053K, capacity 11709K, committed 11824K, reserved 1048576K
Event: 1950.449 GC heap after
Heap after GC invocations=23 (full 4):
 PSYoungGen      total 456704K, used 8982K [0x00000000e0000000, 0x0000000100000000, 0x0000000100000000)
  eden space 422912K, 0% used [0x00000000e0000000,0x00000000e0000000,0x00000000f9d00000)
  from space 33792K, 26% used [0x00000000f9d00000,0x00000000fa5c5878,0x00000000fbe00000)
  to   space 31744K, 0% used [0x00000000fe100000,0x00000000fe100000,0x0000000100000000)
 ParOldGen       total 111616K, used 79489K [0x00000000a0000000, 0x00000000a6d00000, 0x00000000e0000000)
  object space 111616K, 71% used [0x00000000a0000000,0x00000000a4da0500,0x00000000a6d00000)
 Metaspace       used 84913K, capacity 88024K, committed 88368K, reserved 1126400K
  class space    used 11053K, capacity 11709K, committed 11824K, reserved 1048576K
}
Event: 2619.998 GC heap before
{Heap before GC invocations=24 (full 4):
 PSYoungGen      total 456704K, used 431894K [0x00000000e0000000, 0x0000000100000000, 0x0000000100000000)
  eden space 422912K, 100% used [0x00000000e0000000,0x00000000f9d00000,0x00000000f9d00000)
  from space 33792K, 26% used [0x00000000f9d00000,0x00000000fa5c5878,0x00000000fbe00000)
  to   space 31744K, 0% used [0x00000000fe100000,0x00000000fe100000,0x0000000100000000)
 ParOldGen       total 111616K, used 79489K [0x00000000a0000000, 0x00000000a6d00000, 0x00000000e0000000)
  object space 111616K, 71% used [0x00000000a0000000,0x00000000a4da0500,0x00000000a6d00000)
 Metaspace       used 87613K, capacity 90982K, committed 91184K, reserved 1128448K
  class space    used 11282K, capacity 12002K, committed 12080K, reserved 1048576K
Event: 2620.396 GC heap after
Heap after GC invocations=24 (full 4):
 PSYoungGen      total 490496K, used 19177K [0x00000000e0000000, 0x0000000100000000, 0x0000000100000000)
  eden space 458752K, 0% used [0x00000000e0000000,0x00000000e0000000,0x00000000fc000000)
  from space 31744K, 60% used [0x00000000fe100000,0x00000000ff3ba528,0x0000000100000000)
  to   space 32768K, 0% used [0x00000000fc000000,0x00000000fc000000,0x00000000fe000000)
 ParOldGen       total 111616K, used 82301K [0x00000000a0000000, 0x00000000a6d00000, 0x00000000e0000000)
  object space 111616K, 73% used [0x00000000a0000000,0x00000000a505f610,0x00000000a6d00000)
 Metaspace       used 87613K, capacity 90982K, committed 91184K, reserved 1128448K
  class space    used 11282K, capacity 12002K, committed 12080K, reserved 1048576K
}
Event: 2630.430 GC heap before
{Heap before GC invocations=25 (full 4):
 PSYoungGen      total 490496K, used 476909K [0x00000000e0000000, 0x0000000100000000, 0x0000000100000000)
  eden space 458752K, 99% used [0x00000000e0000000,0x00000000fbf01128,0x00000000fc000000)
  from space 31744K, 60% used [0x00000000fe100000,0x00000000ff3ba528,0x0000000100000000)
  to   space 32768K, 0% used [0x00000000fc000000,0x00000000fc000000,0x00000000fe000000)
 ParOldGen       total 111616K, used 82301K [0x00000000a0000000, 0x00000000a6d00000, 0x00000000e0000000)
  object space 111616K, 73% used [0x00000000a0000000,0x00000000a505f610,0x00000000a6d00000)
 Metaspace       used 89318K, capacity 92660K, committed 92848K, reserved 1130496K
  class space    used 11434K, capacity 12133K, committed 12208K, reserved 1048576K
Event: 2630.572 GC heap after
Heap after GC invocations=25 (full 4):
 PSYoungGen      total 471552K, used 12361K [0x00000000e0000000, 0x00000000ffd00000, 0x0000000100000000)
  eden space 458752K, 0% used [0x00000000e0000000,0x00000000e0000000,0x00000000fc000000)
  from space 12800K, 96% used [0x00000000fc000000,0x00000000fcc12748,0x00000000fcc80000)
  to   space 30720K, 0% used [0x00000000fdf00000,0x00000000fdf00000,0x00000000ffd00000)
 ParOldGen       total 111616K, used 82309K [0x00000000a0000000, 0x00000000a6d00000, 0x00000000e0000000)
  object space 111616K, 73% used [0x00000000a0000000,0x00000000a5061610,0x00000000a6d00000)
 Metaspace       used 89318K, capacity 92660K, committed 92848K, reserved 1130496K
  class space    used 11434K, capacity 12133K, committed 12208K, reserved 1048576K
}
Event: 3024.936 GC heap before
{Heap before GC invocations=26 (full 4):
 PSYoungGen      total 471552K, used 471025K [0x00000000e0000000, 0x00000000ffd00000, 0x0000000100000000)
  eden space 458752K, 99% used [0x00000000e0000000,0x00000000fbfe9e48,0x00000000fc000000)
  from space 12800K, 96% used [0x00000000fc000000,0x00000000fcc12748,0x00000000fcc80000)
  to   space 30720K, 0% used [0x00000000fdf00000,0x00000000fdf00000,0x00000000ffd00000)
 ParOldGen       total 111616K, used 82309K [0x00000000a0000000, 0x00000000a6d00000, 0x00000000e0000000)
  object space 111616K, 73% used [0x00000000a0000000,0x00000000a5061610,0x00000000a6d00000)
 Metaspace       used 90312K, capacity 93794K, committed 94000K, reserved 1130496K
  class space    used 11518K, capacity 12222K, committed 12336K, reserved 1048576K

