# JRE version: OpenJDK Runtime Environment (8.0_152-b01) (build 1.8.0_152-release-1248-b01)
# Java VM: OpenJDK 64-Bit Server VM (25.152-b01 mixed mode linux-amd64 compressed oops)
Heap:
 PSYoungGen      total 318976K, used 13604K [0x00000000e0000000, 0x00000000f8a00000, 0x0000000100000000)
  eden space 293376K, 0% used [0x00000000e0000000,0x00000000e0000000,0x00000000f1e80000)
  from space 25600K, 53% used [0x00000000f7100000,0x00000000f7e492e0,0x00000000f8a00000)
  to   space 24576K, 0% used [0x00000000f1e80000,0x00000000f1e80000,0x00000000f3680000)
 ParOldGen       total 77312K, used 45244K [0x00000000a0000000, 0x00000000a4b80000, 0x00000000e0000000)
  object space 77312K, 58% used [0x00000000a0000000,0x00000000a2c2f0b0,0x00000000a4b80000)
 Metaspace       used 84006K, capacity 86970K, committed 87088K, reserved 1124352K
  class space    used 10895K, capacity 11494K, committed 11568K, reserved 1048576K
GC Heap History (10 events):
Event: 40.690 GC heap after
Heap after GC invocations=14 (full 3):
 PSYoungGen      total 204288K, used 14088K [0x00000000e0000000, 0x00000000f1080000, 0x0000000100000000)
  eden space 181760K, 0% used [0x00000000e0000000,0x00000000e0000000,0x00000000eb180000)
  from space 22528K, 62% used [0x00000000eb180000,0x00000000ebf423c0,0x00000000ec780000)
  to   space 23040K, 0% used [0x00000000efa00000,0x00000000efa00000,0x00000000f1080000)
 ParOldGen       total 77312K, used 36725K [0x00000000a0000000, 0x00000000a4b80000, 0x00000000e0000000)
  object space 77312K, 47% used [0x00000000a0000000,0x00000000a23dd678,0x00000000a4b80000)
 Metaspace       used 66511K, capacity 68320K, committed 68400K, reserved 1107968K
  class space    used 9001K, capacity 9461K, committed 9520K, reserved 1048576K
}
Event: 42.408 GC heap before
{Heap before GC invocations=15 (full 3):
 PSYoungGen      total 204288K, used 194961K [0x00000000e0000000, 0x00000000f1080000, 0x0000000100000000)
  eden space 181760K, 99% used [0x00000000e0000000,0x00000000eb0a21e8,0x00000000eb180000)
  from space 22528K, 62% used [0x00000000eb180000,0x00000000ebf423c0,0x00000000ec780000)
  to   space 23040K, 0% used [0x00000000efa00000,0x00000000efa00000,0x00000000f1080000)
 ParOldGen       total 77312K, used 36725K [0x00000000a0000000, 0x00000000a4b80000, 0x00000000e0000000)
  object space 77312K, 47% used [0x00000000a0000000,0x00000000a23dd678,0x00000000a4b80000)
 Metaspace       used 66810K, capacity 68652K, committed 68912K, reserved 1107968K
  class space    used 9038K, capacity 9503K, committed 9520K, reserved 1048576K
Event: 42.462 GC heap after
Heap after GC invocations=15 (full 3):
 PSYoungGen      total 254976K, used 8974K [0x00000000e0000000, 0x00000000f0e80000, 0x0000000100000000)
  eden space 233984K, 0% used [0x00000000e0000000,0x00000000e0000000,0x00000000ee480000)
  from space 20992K, 42% used [0x00000000efa00000,0x00000000f02c3988,0x00000000f0e80000)
  to   space 21504K, 0% used [0x00000000ee480000,0x00000000ee480000,0x00000000ef980000)
 ParOldGen       total 77312K, used 36733K [0x00000000a0000000, 0x00000000a4b80000, 0x00000000e0000000)
  object space 77312K, 47% used [0x00000000a0000000,0x00000000a23df678,0x00000000a4b80000)
 Metaspace       used 66810K, capacity 68652K, committed 68912K, reserved 1107968K
  class space    used 9038K, capacity 9503K, committed 9520K, reserved 1048576K
}
Event: 45.895 GC heap before
{Heap before GC invocations=16 (full 3):
 PSYoungGen      total 254976K, used 242958K [0x00000000e0000000, 0x00000000f0e80000, 0x0000000100000000)
  eden space 233984K, 100% used [0x00000000e0000000,0x00000000ee480000,0x00000000ee480000)
  from space 20992K, 42% used [0x00000000efa00000,0x00000000f02c3988,0x00000000f0e80000)
  to   space 21504K, 0% used [0x00000000ee480000,0x00000000ee480000,0x00000000ef980000)
 ParOldGen       total 77312K, used 36733K [0x00000000a0000000, 0x00000000a4b80000, 0x00000000e0000000)
  object space 77312K, 47% used [0x00000000a0000000,0x00000000a23df678,0x00000000a4b80000)
 Metaspace       used 68569K, capacity 70618K, committed 70704K, reserved 1110016K
  class space    used 9246K, capacity 9756K, committed 9776K, reserved 1048576K
Event: 45.987 GC heap after
Heap after GC invocations=16 (full 3):
 PSYoungGen      total 255488K, used 10657K [0x00000000e0000000, 0x00000000f4e80000, 0x0000000100000000)
  eden space 233984K, 0% used [0x00000000e0000000,0x00000000e0000000,0x00000000ee480000)
  from space 21504K, 49% used [0x00000000ee480000,0x00000000eeee8788,0x00000000ef980000)
  to   space 20992K, 0% used [0x00000000f3a00000,0x00000000f3a00000,0x00000000f4e80000)
 ParOldGen       total 77312K, used 36741K [0x00000000a0000000, 0x00000000a4b80000, 0x00000000e0000000)
  object space 77312K, 47% used [0x00000000a0000000,0x00000000a23e1678,0x00000000a4b80000)
 Metaspace       used 68569K, capacity 70618K, committed 70704K, reserved 1110016K
  class space    used 9246K, capacity 9756K, committed 9776K, reserved 1048576K
}
Event: 101.309 GC heap before
{Heap before GC invocations=17 (full 3):
 PSYoungGen      total 255488K, used 244641K [0x00000000e0000000, 0x00000000f4e80000, 0x0000000100000000)
  eden space 233984K, 100% used [0x00000000e0000000,0x00000000ee480000,0x00000000ee480000)
  from space 21504K, 49% used [0x00000000ee480000,0x00000000eeee8788,0x00000000ef980000)
  to   space 20992K, 0% used [0x00000000f3a00000,0x00000000f3a00000,0x00000000f4e80000)
 ParOldGen       total 77312K, used 36741K [0x00000000a0000000, 0x00000000a4b80000, 0x00000000e0000000)
  object space 77312K, 47% used [0x00000000a0000000,0x00000000a23e1678,0x00000000a4b80000)
 Metaspace       used 82295K, capacity 85194K, committed 85552K, reserved 1124352K
  class space    used 10876K, capacity 11460K, committed 11568K, reserved 1048576K
Event: 101.487 GC heap after
Heap after GC invocations=17 (full 3):
 PSYoungGen      total 312832K, used 20971K [0x00000000e0000000, 0x00000000f4e80000, 0x0000000100000000)
  eden space 291840K, 0% used [0x00000000e0000000,0x00000000e0000000,0x00000000f1d00000)
  from space 20992K, 99% used [0x00000000f3a00000,0x00000000f4e7ad38,0x00000000f4e80000)
  to   space 24576K, 0% used [0x00000000f1e80000,0x00000000f1e80000,0x00000000f3680000)
 ParOldGen       total 77312K, used 38733K [0x00000000a0000000, 0x00000000a4b80000, 0x00000000e0000000)
  object space 77312K, 50% used [0x00000000a0000000,0x00000000a25d3618,0x00000000a4b80000)
 Metaspace       used 82295K, capacity 85194K, committed 85552K, reserved 1124352K
  class space    used 10876K, capacity 11460K, committed 11568K, reserved 1048576K
}
Event: 2433.728 GC heap before
{Heap before GC invocations=18 (full 3):
 PSYoungGen      total 312832K, used 312811K [0x00000000e0000000, 0x00000000f4e80000, 0x0000000100000000)
  eden space 291840K, 100% used [0x00000000e0000000,0x00000000f1d00000,0x00000000f1d00000)
  from space 20992K, 99% used [0x00000000f3a00000,0x00000000f4e7ad38,0x00000000f4e80000)
  to   space 24576K, 0% used [0x00000000f1e80000,0x00000000f1e80000,0x00000000f3680000)
 ParOldGen       total 77312K, used 38733K [0x00000000a0000000, 0x00000000a4b80000, 0x00000000e0000000)
  object space 77312K, 50% used [0x00000000a0000000,0x00000000a25d3618,0x00000000a4b80000)
 Metaspace       used 83624K, capacity 86496K, committed 86576K, reserved 1124352K
  class space    used 10894K, capacity 11493K, committed 11568K, reserved 1048576K
Event: 2434.160 GC heap after
Heap after GC invocations=18 (full 3):
 PSYoungGen      total 317952K, used 16140K [0x00000000e0000000, 0x00000000f8a00000, 0x0000000100000000)
  eden space 293376K, 0% used [0x00000000e0000000,0x00000000e0000000,0x00000000f1e80000)
  from space 24576K, 65% used [0x00000000f1e80000,0x00000000f2e43388,0x00000000f3680000)
  to   space 25600K, 0% used [0x00000000f7100000,0x00000000f7100000,0x00000000f8a00000)
 ParOldGen       total 77312K, used 45236K [0x00000000a0000000, 0x00000000a4b80000, 0x00000000e0000000)
  object space 77312K, 58% used [0x00000000a0000000,0x00000000a2c2d0b0,0x00000000a4b80000)
 Metaspace       used 83624K, capacity 86496K, committed 86576K, reserved 1124352K
  class space    used 10894K, capacity 11493K, committed 11568K, reserved 1048576K
}
Event: 2443.010 GC heap before
{Heap before GC invocations=19 (full 3):
 PSYoungGen      total 317952K, used 308636K [0x00000000e0000000, 0x00000000f8a00000, 0x0000000100000000)
  eden space 293376K, 99% used [0x00000000e0000000,0x00000000f1da3da0,0x00000000f1e80000)
  from space 24576K, 65% used [0x00000000f1e80000,0x00000000f2e43388,0x00000000f3680000)
  to   space 25600K, 0% used [0x00000000f7100000,0x00000000f7100000,0x00000000f8a00000)
 ParOldGen       total 77312K, used 45236K [0x00000000a0000000, 0x00000000a4b80000, 0x00000000e0000000)
  object space 77312K, 58% used [0x00000000a0000000,0x00000000a2c2d0b0,0x00000000a4b80000)
 Metaspace       used 84006K, capacity 86970K, committed 87088K, reserved 1124352K
  class space    used 10895K, capacity 11494K, committed 11568K, reserved 1048576K

