# JRE version: OpenJDK Runtime Environment (8.0_152) (build 1.8.0_152-release-1343-b16-5323222)
# Java VM: OpenJDK 64-Bit Server VM (25.152-b16-5323222 mixed mode linux-amd64 compressed oops)
Heap:
 PSYoungGen      total 364544K, used 21507K [0x00000000e0000000, 0x00000000f9300000, 0x0000000100000000)
  eden space 337920K, 1% used [0x00000000e0000000,0x00000000e03c2270,0x00000000f4a00000)
  from space 26624K, 66% used [0x00000000f7900000,0x00000000f8a3e9f8,0x00000000f9300000)
  to   space 37376K, 0% used [0x00000000f4a00000,0x00000000f4a00000,0x00000000f6e80000)
 ParOldGen       total 131584K, used 79402K [0x00000000a0000000, 0x00000000a8080000, 0x00000000e0000000)
  object space 131584K, 60% used [0x00000000a0000000,0x00000000a4d8aaa8,0x00000000a8080000)
 Metaspace       used 87675K, capacity 91460K, committed 91800K, reserved 1128448K
  class space    used 11348K, capacity 12076K, committed 12192K, reserved 1048576K
GC Heap History (10 events):
Event: 34.679 GC heap before
{Heap before GC invocations=16 (full 3):
 PSYoungGen      total 268800K, used 268690K [0x00000000e0000000, 0x00000000f2100000, 0x0000000100000000)
  eden space 252416K, 100% used [0x00000000e0000000,0x00000000ef680000,0x00000000ef680000)
  from space 16384K, 99% used [0x00000000f1100000,0x00000000f20e4850,0x00000000f2100000)
  to   space 19456K, 0% used [0x00000000efb00000,0x00000000efb00000,0x00000000f0e00000)
 ParOldGen       total 70144K, used 30282K [0x00000000a0000000, 0x00000000a4480000, 0x00000000e0000000)
  object space 70144K, 43% used [0x00000000a0000000,0x00000000a1d929e8,0x00000000a4480000)
 Metaspace       used 72584K, capacity 75894K, committed 76056K, reserved 1114112K
  class space    used 9780K, capacity 10410K, committed 10528K, reserved 1048576K
Event: 34.735 GC heap after
Heap after GC invocations=16 (full 3):
 PSYoungGen      total 276480K, used 19443K [0x00000000e0000000, 0x00000000f5e00000, 0x0000000100000000)
  eden space 257024K, 0% used [0x00000000e0000000,0x00000000e0000000,0x00000000efb00000)
  from space 19456K, 99% used [0x00000000efb00000,0x00000000f0dfccd8,0x00000000f0e00000)
  to   space 24576K, 0% used [0x00000000f4600000,0x00000000f4600000,0x00000000f5e00000)
 ParOldGen       total 70144K, used 36790K [0x00000000a0000000, 0x00000000a4480000, 0x00000000e0000000)
  object space 70144K, 52% used [0x00000000a0000000,0x00000000a23ed8b0,0x00000000a4480000)
 Metaspace       used 72584K, capacity 75894K, committed 76056K, reserved 1114112K
  class space    used 9780K, capacity 10410K, committed 10528K, reserved 1048576K
}
Event: 39.843 GC heap before
{Heap before GC invocations=17 (full 3):
 PSYoungGen      total 276480K, used 276467K [0x00000000e0000000, 0x00000000f5e00000, 0x0000000100000000)
  eden space 257024K, 100% used [0x00000000e0000000,0x00000000efb00000,0x00000000efb00000)
  from space 19456K, 99% used [0x00000000efb00000,0x00000000f0dfccd8,0x00000000f0e00000)
  to   space 24576K, 0% used [0x00000000f4600000,0x00000000f4600000,0x00000000f5e00000)
 ParOldGen       total 70144K, used 36790K [0x00000000a0000000, 0x00000000a4480000, 0x00000000e0000000)
  object space 70144K, 52% used [0x00000000a0000000,0x00000000a23ed8b0,0x00000000a4480000)
 Metaspace       used 74260K, capacity 77588K, committed 77720K, reserved 1116160K
  class space    used 9920K, capacity 10557K, committed 10656K, reserved 1048576K
Event: 39.960 GC heap after
Heap after GC invocations=17 (full 3):
 PSYoungGen      total 318976K, used 24546K [0x00000000e0000000, 0x00000000f8200000, 0x0000000100000000)
  eden space 294400K, 0% used [0x00000000e0000000,0x00000000e0000000,0x00000000f1f80000)
  from space 24576K, 99% used [0x00000000f4600000,0x00000000f5df8b70,0x00000000f5e00000)
  to   space 39424K, 0% used [0x00000000f1f80000,0x00000000f1f80000,0x00000000f4600000)
 ParOldGen       total 70144K, used 66119K [0x00000000a0000000, 0x00000000a4480000, 0x00000000e0000000)
  object space 70144K, 94% used [0x00000000a0000000,0x00000000a4091e68,0x00000000a4480000)
 Metaspace       used 74260K, capacity 77588K, committed 77720K, reserved 1116160K
  class space    used 9920K, capacity 10557K, committed 10656K, reserved 1048576K
}
Event: 39.960 GC heap before
{Heap before GC invocations=18 (full 4):
 PSYoungGen      total 318976K, used 24546K [0x00000000e0000000, 0x00000000f8200000, 0x0000000100000000)
  eden space 294400K, 0% used [0x00000000e0000000,0x00000000e0000000,0x00000000f1f80000)
  from space 24576K, 99% used [0x00000000f4600000,0x00000000f5df8b70,0x00000000f5e00000)
  to   space 39424K, 0% used [0x00000000f1f80000,0x00000000f1f80000,0x00000000f4600000)
 ParOldGen       total 70144K, used 66119K [0x00000000a0000000, 0x00000000a4480000, 0x00000000e0000000)
  object space 70144K, 94% used [0x00000000a0000000,0x00000000a4091e68,0x00000000a4480000)
 Metaspace       used 74260K, capacity 77588K, committed 77720K, reserved 1116160K
  class space    used 9920K, capacity 10557K, committed 10656K, reserved 1048576K
Event: 40.935 GC heap after
Heap after GC invocations=18 (full 4):
 PSYoungGen      total 318976K, used 9652K [0x00000000e0000000, 0x00000000f8200000, 0x0000000100000000)
  eden space 294400K, 0% used [0x00000000e0000000,0x00000000e0000000,0x00000000f1f80000)
  from space 24576K, 39% used [0x00000000f4600000,0x00000000f4f6d338,0x00000000f5e00000)
  to   space 39424K, 0% used [0x00000000f1f80000,0x00000000f1f80000,0x00000000f4600000)
 ParOldGen       total 131584K, used 69658K [0x00000000a0000000, 0x00000000a8080000, 0x00000000e0000000)
  object space 131584K, 52% used [0x00000000a0000000,0x00000000a44068b0,0x00000000a8080000)
 Metaspace       used 73960K, capacity 76716K, committed 77720K, reserved 1116160K
  class space    used 9820K, capacity 10383K, committed 10656K, reserved 1048576K
}
Event: 75.248 GC heap before
{Heap before GC invocations=19 (full 4):
 PSYoungGen      total 318976K, used 304052K [0x00000000e0000000, 0x00000000f8200000, 0x0000000100000000)
  eden space 294400K, 100% used [0x00000000e0000000,0x00000000f1f80000,0x00000000f1f80000)
  from space 24576K, 39% used [0x00000000f4600000,0x00000000f4f6d338,0x00000000f5e00000)
  to   space 39424K, 0% used [0x00000000f1f80000,0x00000000f1f80000,0x00000000f4600000)
 ParOldGen       total 131584K, used 69658K [0x00000000a0000000, 0x00000000a8080000, 0x00000000e0000000)
  object space 131584K, 52% used [0x00000000a0000000,0x00000000a44068b0,0x00000000a8080000)
 Metaspace       used 77982K, capacity 81266K, committed 81560K, reserved 1120256K
  class space    used 10413K, capacity 11042K, committed 11168K, reserved 1048576K
Event: 75.361 GC heap after
Heap after GC invocations=19 (full 4):
 PSYoungGen      total 333824K, used 6845K [0x00000000e0000000, 0x00000000f9e80000, 0x0000000100000000)
  eden space 294400K, 0% used [0x00000000e0000000,0x00000000e0000000,0x00000000f1f80000)
  from space 39424K, 17% used [0x00000000f1f80000,0x00000000f262f6d0,0x00000000f4600000)
  to   space 38400K, 0% used [0x00000000f7900000,0x00000000f7900000,0x00000000f9e80000)
 ParOldGen       total 131584K, used 79394K [0x00000000a0000000, 0x00000000a8080000, 0x00000000e0000000)
  object space 131584K, 60% used [0x00000000a0000000,0x00000000a4d88aa8,0x00000000a8080000)
 Metaspace       used 77982K, capacity 81266K, committed 81560K, reserved 1120256K
  class space    used 10413K, capacity 11042K, committed 11168K, reserved 1048576K
}
Event: 762.277 GC heap before
{Heap before GC invocations=20 (full 4):
 PSYoungGen      total 333824K, used 301245K [0x00000000e0000000, 0x00000000f9e80000, 0x0000000100000000)
  eden space 294400K, 100% used [0x00000000e0000000,0x00000000f1f80000,0x00000000f1f80000)
  from space 39424K, 17% used [0x00000000f1f80000,0x00000000f262f6d0,0x00000000f4600000)
  to   space 38400K, 0% used [0x00000000f7900000,0x00000000f7900000,0x00000000f9e80000)
 ParOldGen       total 131584K, used 79394K [0x00000000a0000000, 0x00000000a8080000, 0x00000000e0000000)
  object space 131584K, 60% used [0x00000000a0000000,0x00000000a4d88aa8,0x00000000a8080000)
 Metaspace       used 87673K, capacity 91460K, committed 91800K, reserved 1128448K
  class space    used 11348K, capacity 12076K, committed 12192K, reserved 1048576K
Event: 763.006 GC heap after
Heap after GC invocations=20 (full 4):
 PSYoungGen      total 364544K, used 17658K [0x00000000e0000000, 0x00000000f9300000, 0x0000000100000000)
  eden space 337920K, 0% used [0x00000000e0000000,0x00000000e0000000,0x00000000f4a00000)
  from space 26624K, 66% used [0x00000000f7900000,0x00000000f8a3e9f8,0x00000000f9300000)
  to   space 37376K, 0% used [0x00000000f4a00000,0x00000000f4a00000,0x00000000f6e80000)
 ParOldGen       total 131584K, used 79402K [0x00000000a0000000, 0x00000000a8080000, 0x00000000e0000000)
  object space 131584K, 60% used [0x00000000a0000000,0x00000000a4d8aaa8,0x00000000a8080000)
 Metaspace       used 87673K, capacity 91460K, committed 91800K, reserved 1128448K
  class space    used 11348K, capacity 12076K, committed 12192K, reserved 1048576K
}

